#
# A fatal error has been detected by the Java Runtime Environment:
#
#  Internal Error (t:/workspace/open/src/hotspot/share/oops/generateOopMap.cpp:2164), pid=21524, tid=7364
#  fatal error: Illegal class file encountered. Try running with -Xverify:all in method getSortingArray
#
# JRE version: Java(TM) SE Runtime Environment (12.0.2+10) (build 12.0.2+10)
# Java VM: Java HotSpot(TM) 64-Bit Server VM (12.0.2+10, mixed mode, sharing, tiered, compressed oops, g1 gc, windows-amd64)
# No core dump will be written. Minidumps are not enabled by default on client versions of Windows
#
# If you would like to submit a bug report, please visit:
#   http://bugreport.java.com/bugreport/crash.jsp
#

---------------  S U M M A R Y ------------

Command Line: -agentlib:jdwp=transport=dt_socket,address=127.0.0.1:50915,suspend=y,server=n -javaagent:C:\Users\DAVIDA~1\AppData\Local\Temp\captureAgent1825jars\debugger-agent.jar -Dfile.encoding=UTF-8 com.sparta.da.Manager.Starter

Host: Intel(R) Core(TM) i5-7200U CPU @ 2.50GHz, 4 cores, 7G,  Windows 10 , 64 bit Build 18362 (10.0.18362.329)
Time: Sat Oct 26 18:11:33 2019 GMT Summer Time elapsed time: 385 seconds (0d 0h 6m 25s)

---------------  T H R E A D  ---------------

Current thread (0x000002175d84d800):  VMThread "VM Thread" [stack: 0x000000962f100000,0x000000962f200000] [id=7364]

Stack: [0x000000962f100000,0x000000962f200000]
[error occurred during error reporting (printing stack bounds), id 0xc0000005, EXCEPTION_ACCESS_VIOLATION (0xc0000005) at pc=0x0000021747820bad]

Native frames: (J=compiled Java code, j=interpreted, Vv=VM code, C=native code)
V  [jvm.dll+0x63aa2a]
V  [jvm.dll+0x78ce1e]
V  [jvm.dll+0x78e4c1]
V  [jvm.dll+0x78ea75]
V  [jvm.dll+0x78ea2b]
V  [jvm.dll+0x63a134]
V  [jvm.dll+0x63a4f8]
C  [ntdll.dll+0xa11ff]
C  [ntdll.dll+0x6a289]
C  [ntdll.dll+0x9fe6e]
C  0x0000021747820bad

VM_Operation (0x000000962faff4f0): GetOrSetLocal, mode: safepoint, requested by thread 0x000002175e30b000


---------------  P R O C E S S  ---------------

Threads class SMR info:
_java_thread_list=0x000002175e321d00, length=13, elements={
0x000002173f419800, 0x000002175d852800, 0x000002175d853800, 0x000002175d86a800,
0x000002175d86d000, 0x000002175d86f000, 0x000002175d878800, 0x000002175d887000,
0x000002175d836000, 0x000002175e30b000, 0x000002175e33d800, 0x000002175e3a3000,
0x000002175e37b800
}

Java Threads: ( => current thread )
  0x000002173f419800 JavaThread "main" [_thread_blocked, id=2136, stack(0x000000962eb00000,0x000000962ec00000)]
  0x000002175d852800 JavaThread "Reference Handler" daemon [_thread_blocked, id=10572, stack(0x000000962f200000,0x000000962f300000)]
  0x000002175d853800 JavaThread "Finalizer" daemon [_thread_blocked, id=17472, stack(0x000000962f300000,0x000000962f400000)]
  0x000002175d86a800 JavaThread "Signal Dispatcher" daemon [_thread_blocked, id=5132, stack(0x000000962f400000,0x000000962f500000)]
  0x000002175d86d000 JavaThread "Attach Listener" daemon [_thread_blocked, id=9944, stack(0x000000962f500000,0x000000962f600000)]
  0x000002175d86f000 JavaThread "C2 CompilerThread0" daemon [_thread_blocked, id=15496, stack(0x000000962f600000,0x000000962f700000)]
  0x000002175d878800 JavaThread "C1 CompilerThread0" daemon [_thread_blocked, id=17180, stack(0x000000962f700000,0x000000962f800000)]
  0x000002175d887000 JavaThread "Sweeper thread" daemon [_thread_blocked, id=21288, stack(0x000000962f800000,0x000000962f900000)]
  0x000002175d836000 JavaThread "Common-Cleaner" daemon [_thread_blocked, id=7836, stack(0x000000962f900000,0x000000962fa00000)]
  0x000002175e30b000 JavaThread "JDWP Transport Listener: dt_socket" daemon [_thread_blocked, id=7012, stack(0x000000962fa00000,0x000000962fb00000)] _threads_hazard_ptr=0x000002175e321d00
  0x000002175e33d800 JavaThread "JDWP Event Helper Thread" daemon [_thread_blocked, id=9692, stack(0x000000962fb00000,0x000000962fc00000)]
  0x000002175e3a3000 JavaThread "JDWP Command Reader" daemon [_thread_in_native, id=9172, stack(0x000000962fc00000,0x000000962fd00000)]
  0x000002175e37b800 JavaThread "Service Thread" daemon [_thread_blocked, id=22364, stack(0x000000962fd00000,0x000000962fe00000)]

Other Threads:
=>0x000002175d84d800 VMThread "VM Thread" [stack: 0x000000962f100000,0x000000962f200000] [id=7364]
  0x000002175e3bf000 WatcherThread [stack: 0x000000962fe00000,0x000000962ff00000] [id=18500]
  0x000002173f458000 GCTaskThread "GC Thread#0" [stack: 0x000000962ec00000,0x000000962ed00000] [id=1128]
  0x000002173f466800 ConcurrentGCThread "G1 Main Marker" [stack: 0x000000962ed00000,0x000000962ee00000] [id=2188]
  0x000002173f46a000 ConcurrentGCThread "G1 Conc#0" [stack: 0x000000962ee00000,0x000000962ef00000] [id=15840]
  0x000002175d6d0800 ConcurrentGCThread "G1 Refine#0" [stack: 0x000000962ef00000,0x000000962f000000] [id=10680]
  0x000002175d6d1800 ConcurrentGCThread "G1 Young RemSet Sampling" [stack: 0x000000962f000000,0x000000962f100000] [id=18968]

Threads with active compile tasks:

VM state:at safepoint (normal execution)

VM Mutex/Monitor currently owned by a thread:  ([mutex/lock_event])
[0x000002173f416300] Threads_lock - owner thread: 0x000002175d84d800

Heap address: 0x0000000081400000, size: 2028 MB, Compressed Oops mode: 32-bit
Narrow klass base: 0x0000000800000000, Narrow klass shift: 3
Compressed class space size: 1073741824 Address: 0x0000000801190000

Heap:
 garbage-first heap   total 131072K, used 6144K [0x0000000081400000, 0x0000000100000000)
  region size 1024K, 7 young (7168K), 0 survivors (0K)
 Metaspace       used 2119K, capacity 5031K, committed 5120K, reserved 1056768K
  class space    used 240K, capacity 509K, committed 512K, reserved 1048576K
Heap Regions: E=young(eden), S=young(survivor), O=old, HS=humongous(starts), HC=humongous(continues), CS=collection set, F=free, A=archive, TAMS=top-at-mark-start (previous, next)
|   0|0x0000000081400000, 0x0000000081400000, 0x0000000081500000|  0%| F|  |TAMS 0x0000000081400000, 0x0000000081400000| Untracked 
|   1|0x0000000081500000, 0x0000000081500000, 0x0000000081600000|  0%| F|  |TAMS 0x0000000081500000, 0x0000000081500000| Untracked 
|   2|0x0000000081600000, 0x0000000081600000, 0x0000000081700000|  0%| F|  |TAMS 0x0000000081600000, 0x0000000081600000| Untracked 
|   3|0x0000000081700000, 0x0000000081700000, 0x0000000081800000|  0%| F|  |TAMS 0x0000000081700000, 0x0000000081700000| Untracked 
|   4|0x0000000081800000, 0x0000000081800000, 0x0000000081900000|  0%| F|  |TAMS 0x0000000081800000, 0x0000000081800000| Untracked 
|   5|0x0000000081900000, 0x0000000081900000, 0x0000000081a00000|  0%| F|  |TAMS 0x0000000081900000, 0x0000000081900000| Untracked 
|   6|0x0000000081a00000, 0x0000000081a00000, 0x0000000081b00000|  0%| F|  |TAMS 0x0000000081a00000, 0x0000000081a00000| Untracked 
|   7|0x0000000081b00000, 0x0000000081b00000, 0x0000000081c00000|  0%| F|  |TAMS 0x0000000081b00000, 0x0000000081b00000| Untracked 
|   8|0x0000000081c00000, 0x0000000081c00000, 0x0000000081d00000|  0%| F|  |TAMS 0x0000000081c00000, 0x0000000081c00000| Untracked 
|   9|0x0000000081d00000, 0x0000000081d00000, 0x0000000081e00000|  0%| F|  |TAMS 0x0000000081d00000, 0x0000000081d00000| Untracked 
|  10|0x0000000081e00000, 0x0000000081e00000, 0x0000000081f00000|  0%| F|  |TAMS 0x0000000081e00000, 0x0000000081e00000| Untracked 
|  11|0x0000000081f00000, 0x0000000081f00000, 0x0000000082000000|  0%| F|  |TAMS 0x0000000081f00000, 0x0000000081f00000| Untracked 
|  12|0x0000000082000000, 0x0000000082000000, 0x0000000082100000|  0%| F|  |TAMS 0x0000000082000000, 0x0000000082000000| Untracked 
|  13|0x0000000082100000, 0x0000000082100000, 0x0000000082200000|  0%| F|  |TAMS 0x0000000082100000, 0x0000000082100000| Untracked 
|  14|0x0000000082200000, 0x0000000082200000, 0x0000000082300000|  0%| F|  |TAMS 0x0000000082200000, 0x0000000082200000| Untracked 
|  15|0x0000000082300000, 0x0000000082300000, 0x0000000082400000|  0%| F|  |TAMS 0x0000000082300000, 0x0000000082300000| Untracked 
|  16|0x0000000082400000, 0x0000000082400000, 0x0000000082500000|  0%| F|  |TAMS 0x0000000082400000, 0x0000000082400000| Untracked 
|  17|0x0000000082500000, 0x0000000082500000, 0x0000000082600000|  0%| F|  |TAMS 0x0000000082500000, 0x0000000082500000| Untracked 
|  18|0x0000000082600000, 0x0000000082600000, 0x0000000082700000|  0%| F|  |TAMS 0x0000000082600000, 0x0000000082600000| Untracked 
|  19|0x0000000082700000, 0x0000000082700000, 0x0000000082800000|  0%| F|  |TAMS 0x0000000082700000, 0x0000000082700000| Untracked 
|  20|0x0000000082800000, 0x0000000082800000, 0x0000000082900000|  0%| F|  |TAMS 0x0000000082800000, 0x0000000082800000| Untracked 
|  21|0x0000000082900000, 0x0000000082900000, 0x0000000082a00000|  0%| F|  |TAMS 0x0000000082900000, 0x0000000082900000| Untracked 
|  22|0x0000000082a00000, 0x0000000082a00000, 0x0000000082b00000|  0%| F|  |TAMS 0x0000000082a00000, 0x0000000082a00000| Untracked 
|  23|0x0000000082b00000, 0x0000000082b00000, 0x0000000082c00000|  0%| F|  |TAMS 0x0000000082b00000, 0x0000000082b00000| Untracked 
|  24|0x0000000082c00000, 0x0000000082c00000, 0x0000000082d00000|  0%| F|  |TAMS 0x0000000082c00000, 0x0000000082c00000| Untracked 
|  25|0x0000000082d00000, 0x0000000082d00000, 0x0000000082e00000|  0%| F|  |TAMS 0x0000000082d00000, 0x0000000082d00000| Untracked 
|  26|0x0000000082e00000, 0x0000000082e00000, 0x0000000082f00000|  0%| F|  |TAMS 0x0000000082e00000, 0x0000000082e00000| Untracked 
|  27|0x0000000082f00000, 0x0000000082f00000, 0x0000000083000000|  0%| F|  |TAMS 0x0000000082f00000, 0x0000000082f00000| Untracked 
|  28|0x0000000083000000, 0x0000000083000000, 0x0000000083100000|  0%| F|  |TAMS 0x0000000083000000, 0x0000000083000000| Untracked 
|  29|0x0000000083100000, 0x0000000083100000, 0x0000000083200000|  0%| F|  |TAMS 0x0000000083100000, 0x0000000083100000| Untracked 
|  30|0x0000000083200000, 0x0000000083200000, 0x0000000083300000|  0%| F|  |TAMS 0x0000000083200000, 0x0000000083200000| Untracked 
|  31|0x0000000083300000, 0x0000000083300000, 0x0000000083400000|  0%| F|  |TAMS 0x0000000083300000, 0x0000000083300000| Untracked 
|  32|0x0000000083400000, 0x0000000083400000, 0x0000000083500000|  0%| F|  |TAMS 0x0000000083400000, 0x0000000083400000| Untracked 
|  33|0x0000000083500000, 0x0000000083500000, 0x0000000083600000|  0%| F|  |TAMS 0x0000000083500000, 0x0000000083500000| Untracked 
|  34|0x0000000083600000, 0x0000000083600000, 0x0000000083700000|  0%| F|  |TAMS 0x0000000083600000, 0x0000000083600000| Untracked 
|  35|0x0000000083700000, 0x0000000083700000, 0x0000000083800000|  0%| F|  |TAMS 0x0000000083700000, 0x0000000083700000| Untracked 
|  36|0x0000000083800000, 0x0000000083800000, 0x0000000083900000|  0%| F|  |TAMS 0x0000000083800000, 0x0000000083800000| Untracked 
|  37|0x0000000083900000, 0x0000000083900000, 0x0000000083a00000|  0%| F|  |TAMS 0x0000000083900000, 0x0000000083900000| Untracked 
|  38|0x0000000083a00000, 0x0000000083a00000, 0x0000000083b00000|  0%| F|  |TAMS 0x0000000083a00000, 0x0000000083a00000| Untracked 
|  39|0x0000000083b00000, 0x0000000083b00000, 0x0000000083c00000|  0%| F|  |TAMS 0x0000000083b00000, 0x0000000083b00000| Untracked 
|  40|0x0000000083c00000, 0x0000000083c00000, 0x0000000083d00000|  0%| F|  |TAMS 0x0000000083c00000, 0x0000000083c00000| Untracked 
|  41|0x0000000083d00000, 0x0000000083d00000, 0x0000000083e00000|  0%| F|  |TAMS 0x0000000083d00000, 0x0000000083d00000| Untracked 
|  42|0x0000000083e00000, 0x0000000083e00000, 0x0000000083f00000|  0%| F|  |TAMS 0x0000000083e00000, 0x0000000083e00000| Untracked 
|  43|0x0000000083f00000, 0x0000000083f00000, 0x0000000084000000|  0%| F|  |TAMS 0x0000000083f00000, 0x0000000083f00000| Untracked 
|  44|0x0000000084000000, 0x0000000084000000, 0x0000000084100000|  0%| F|  |TAMS 0x0000000084000000, 0x0000000084000000| Untracked 
|  45|0x0000000084100000, 0x0000000084100000, 0x0000000084200000|  0%| F|  |TAMS 0x0000000084100000, 0x0000000084100000| Untracked 
|  46|0x0000000084200000, 0x0000000084200000, 0x0000000084300000|  0%| F|  |TAMS 0x0000000084200000, 0x0000000084200000| Untracked 
|  47|0x0000000084300000, 0x0000000084300000, 0x0000000084400000|  0%| F|  |TAMS 0x0000000084300000, 0x0000000084300000| Untracked 
|  48|0x0000000084400000, 0x0000000084400000, 0x0000000084500000|  0%| F|  |TAMS 0x0000000084400000, 0x0000000084400000| Untracked 
|  49|0x0000000084500000, 0x0000000084500000, 0x0000000084600000|  0%| F|  |TAMS 0x0000000084500000, 0x0000000084500000| Untracked 
|  50|0x0000000084600000, 0x0000000084600000, 0x0000000084700000|  0%| F|  |TAMS 0x0000000084600000, 0x0000000084600000| Untracked 
|  51|0x0000000084700000, 0x0000000084700000, 0x0000000084800000|  0%| F|  |TAMS 0x0000000084700000, 0x0000000084700000| Untracked 
|  52|0x0000000084800000, 0x0000000084800000, 0x0000000084900000|  0%| F|  |TAMS 0x0000000084800000, 0x0000000084800000| Untracked 
|  53|0x0000000084900000, 0x0000000084900000, 0x0000000084a00000|  0%| F|  |TAMS 0x0000000084900000, 0x0000000084900000| Untracked 
|  54|0x0000000084a00000, 0x0000000084a00000, 0x0000000084b00000|  0%| F|  |TAMS 0x0000000084a00000, 0x0000000084a00000| Untracked 
|  55|0x0000000084b00000, 0x0000000084b00000, 0x0000000084c00000|  0%| F|  |TAMS 0x0000000084b00000, 0x0000000084b00000| Untracked 
|  56|0x0000000084c00000, 0x0000000084c00000, 0x0000000084d00000|  0%| F|  |TAMS 0x0000000084c00000, 0x0000000084c00000| Untracked 
|  57|0x0000000084d00000, 0x0000000084d00000, 0x0000000084e00000|  0%| F|  |TAMS 0x0000000084d00000, 0x0000000084d00000| Untracked 
|  58|0x0000000084e00000, 0x0000000084e00000, 0x0000000084f00000|  0%| F|  |TAMS 0x0000000084e00000, 0x0000000084e00000| Untracked 
|  59|0x0000000084f00000, 0x0000000084f00000, 0x0000000085000000|  0%| F|  |TAMS 0x0000000084f00000, 0x0000000084f00000| Untracked 
|  60|0x0000000085000000, 0x0000000085000000, 0x0000000085100000|  0%| F|  |TAMS 0x0000000085000000, 0x0000000085000000| Untracked 
|  61|0x0000000085100000, 0x0000000085100000, 0x0000000085200000|  0%| F|  |TAMS 0x0000000085100000, 0x0000000085100000| Untracked 
|  62|0x0000000085200000, 0x0000000085200000, 0x0000000085300000|  0%| F|  |TAMS 0x0000000085200000, 0x0000000085200000| Untracked 
|  63|0x0000000085300000, 0x0000000085300000, 0x0000000085400000|  0%| F|  |TAMS 0x0000000085300000, 0x0000000085300000| Untracked 
|  64|0x0000000085400000, 0x0000000085400000, 0x0000000085500000|  0%| F|  |TAMS 0x0000000085400000, 0x0000000085400000| Untracked 
|  65|0x0000000085500000, 0x0000000085500000, 0x0000000085600000|  0%| F|  |TAMS 0x0000000085500000, 0x0000000085500000| Untracked 
|  66|0x0000000085600000, 0x0000000085600000, 0x0000000085700000|  0%| F|  |TAMS 0x0000000085600000, 0x0000000085600000| Untracked 
|  67|0x0000000085700000, 0x0000000085700000, 0x0000000085800000|  0%| F|  |TAMS 0x0000000085700000, 0x0000000085700000| Untracked 
|  68|0x0000000085800000, 0x0000000085800000, 0x0000000085900000|  0%| F|  |TAMS 0x0000000085800000, 0x0000000085800000| Untracked 
|  69|0x0000000085900000, 0x0000000085900000, 0x0000000085a00000|  0%| F|  |TAMS 0x0000000085900000, 0x0000000085900000| Untracked 
|  70|0x0000000085a00000, 0x0000000085a00000, 0x0000000085b00000|  0%| F|  |TAMS 0x0000000085a00000, 0x0000000085a00000| Untracked 
|  71|0x0000000085b00000, 0x0000000085b00000, 0x0000000085c00000|  0%| F|  |TAMS 0x0000000085b00000, 0x0000000085b00000| Untracked 
|  72|0x0000000085c00000, 0x0000000085c00000, 0x0000000085d00000|  0%| F|  |TAMS 0x0000000085c00000, 0x0000000085c00000| Untracked 
|  73|0x0000000085d00000, 0x0000000085d00000, 0x0000000085e00000|  0%| F|  |TAMS 0x0000000085d00000, 0x0000000085d00000| Untracked 
|  74|0x0000000085e00000, 0x0000000085e00000, 0x0000000085f00000|  0%| F|  |TAMS 0x0000000085e00000, 0x0000000085e00000| Untracked 
|  75|0x0000000085f00000, 0x0000000085f00000, 0x0000000086000000|  0%| F|  |TAMS 0x0000000085f00000, 0x0000000085f00000| Untracked 
|  76|0x0000000086000000, 0x0000000086000000, 0x0000000086100000|  0%| F|  |TAMS 0x0000000086000000, 0x0000000086000000| Untracked 
|  77|0x0000000086100000, 0x0000000086100000, 0x0000000086200000|  0%| F|  |TAMS 0x0000000086100000, 0x0000000086100000| Untracked 
|  78|0x0000000086200000, 0x0000000086200000, 0x0000000086300000|  0%| F|  |TAMS 0x0000000086200000, 0x0000000086200000| Untracked 
|  79|0x0000000086300000, 0x0000000086300000, 0x0000000086400000|  0%| F|  |TAMS 0x0000000086300000, 0x0000000086300000| Untracked 
|  80|0x0000000086400000, 0x0000000086400000, 0x0000000086500000|  0%| F|  |TAMS 0x0000000086400000, 0x0000000086400000| Untracked 
|  81|0x0000000086500000, 0x0000000086500000, 0x0000000086600000|  0%| F|  |TAMS 0x0000000086500000, 0x0000000086500000| Untracked 
|  82|0x0000000086600000, 0x0000000086600000, 0x0000000086700000|  0%| F|  |TAMS 0x0000000086600000, 0x0000000086600000| Untracked 
|  83|0x0000000086700000, 0x0000000086700000, 0x0000000086800000|  0%| F|  |TAMS 0x0000000086700000, 0x0000000086700000| Untracked 
|  84|0x0000000086800000, 0x0000000086800000, 0x0000000086900000|  0%| F|  |TAMS 0x0000000086800000, 0x0000000086800000| Untracked 
|  85|0x0000000086900000, 0x0000000086900000, 0x0000000086a00000|  0%| F|  |TAMS 0x0000000086900000, 0x0000000086900000| Untracked 
|  86|0x0000000086a00000, 0x0000000086a00000, 0x0000000086b00000|  0%| F|  |TAMS 0x0000000086a00000, 0x0000000086a00000| Untracked 
|  87|0x0000000086b00000, 0x0000000086b00000, 0x0000000086c00000|  0%| F|  |TAMS 0x0000000086b00000, 0x0000000086b00000| Untracked 
|  88|0x0000000086c00000, 0x0000000086c00000, 0x0000000086d00000|  0%| F|  |TAMS 0x0000000086c00000, 0x0000000086c00000| Untracked 
|  89|0x0000000086d00000, 0x0000000086d00000, 0x0000000086e00000|  0%| F|  |TAMS 0x0000000086d00000, 0x0000000086d00000| Untracked 
|  90|0x0000000086e00000, 0x0000000086e00000, 0x0000000086f00000|  0%| F|  |TAMS 0x0000000086e00000, 0x0000000086e00000| Untracked 
|  91|0x0000000086f00000, 0x0000000086f00000, 0x0000000087000000|  0%| F|  |TAMS 0x0000000086f00000, 0x0000000086f00000| Untracked 
|  92|0x0000000087000000, 0x0000000087000000, 0x0000000087100000|  0%| F|  |TAMS 0x0000000087000000, 0x0000000087000000| Untracked 
|  93|0x0000000087100000, 0x0000000087100000, 0x0000000087200000|  0%| F|  |TAMS 0x0000000087100000, 0x0000000087100000| Untracked 
|  94|0x0000000087200000, 0x0000000087200000, 0x0000000087300000|  0%| F|  |TAMS 0x0000000087200000, 0x0000000087200000| Untracked 
|  95|0x0000000087300000, 0x0000000087300000, 0x0000000087400000|  0%| F|  |TAMS 0x0000000087300000, 0x0000000087300000| Untracked 
|  96|0x0000000087400000, 0x0000000087400000, 0x0000000087500000|  0%| F|  |TAMS 0x0000000087400000, 0x0000000087400000| Untracked 
|  97|0x0000000087500000, 0x0000000087500000, 0x0000000087600000|  0%| F|  |TAMS 0x0000000087500000, 0x0000000087500000| Untracked 
|  98|0x0000000087600000, 0x0000000087600000, 0x0000000087700000|  0%| F|  |TAMS 0x0000000087600000, 0x0000000087600000| Untracked 
|  99|0x0000000087700000, 0x0000000087700000, 0x0000000087800000|  0%| F|  |TAMS 0x0000000087700000, 0x0000000087700000| Untracked 
| 100|0x0000000087800000, 0x0000000087800000, 0x0000000087900000|  0%| F|  |TAMS 0x0000000087800000, 0x0000000087800000| Untracked 
| 101|0x0000000087900000, 0x0000000087900000, 0x0000000087a00000|  0%| F|  |TAMS 0x0000000087900000, 0x0000000087900000| Untracked 
| 102|0x0000000087a00000, 0x0000000087a00000, 0x0000000087b00000|  0%| F|  |TAMS 0x0000000087a00000, 0x0000000087a00000| Untracked 
| 103|0x0000000087b00000, 0x0000000087b00000, 0x0000000087c00000|  0%| F|  |TAMS 0x0000000087b00000, 0x0000000087b00000| Untracked 
| 104|0x0000000087c00000, 0x0000000087c00000, 0x0000000087d00000|  0%| F|  |TAMS 0x0000000087c00000, 0x0000000087c00000| Untracked 
| 105|0x0000000087d00000, 0x0000000087d00000, 0x0000000087e00000|  0%| F|  |TAMS 0x0000000087d00000, 0x0000000087d00000| Untracked 
| 106|0x0000000087e00000, 0x0000000087e00000, 0x0000000087f00000|  0%| F|  |TAMS 0x0000000087e00000, 0x0000000087e00000| Untracked 
| 107|0x0000000087f00000, 0x0000000087f00000, 0x0000000088000000|  0%| F|  |TAMS 0x0000000087f00000, 0x0000000087f00000| Untracked 
| 108|0x0000000088000000, 0x0000000088000000, 0x0000000088100000|  0%| F|  |TAMS 0x0000000088000000, 0x0000000088000000| Untracked 
| 109|0x0000000088100000, 0x0000000088100000, 0x0000000088200000|  0%| F|  |TAMS 0x0000000088100000, 0x0000000088100000| Untracked 
| 110|0x0000000088200000, 0x0000000088200000, 0x0000000088300000|  0%| F|  |TAMS 0x0000000088200000, 0x0000000088200000| Untracked 
| 111|0x0000000088300000, 0x0000000088300000, 0x0000000088400000|  0%| F|  |TAMS 0x0000000088300000, 0x0000000088300000| Untracked 
| 112|0x0000000088400000, 0x0000000088400000, 0x0000000088500000|  0%| F|  |TAMS 0x0000000088400000, 0x0000000088400000| Untracked 
| 113|0x0000000088500000, 0x0000000088500000, 0x0000000088600000|  0%| F|  |TAMS 0x0000000088500000, 0x0000000088500000| Untracked 
| 114|0x0000000088600000, 0x0000000088600000, 0x0000000088700000|  0%| F|  |TAMS 0x0000000088600000, 0x0000000088600000| Untracked 
| 115|0x0000000088700000, 0x0000000088700000, 0x0000000088800000|  0%| F|  |TAMS 0x0000000088700000, 0x0000000088700000| Untracked 
| 116|0x0000000088800000, 0x0000000088800000, 0x0000000088900000|  0%| F|  |TAMS 0x0000000088800000, 0x0000000088800000| Untracked 
| 117|0x0000000088900000, 0x0000000088900000, 0x0000000088a00000|  0%| F|  |TAMS 0x0000000088900000, 0x0000000088900000| Untracked 
| 118|0x0000000088a00000, 0x0000000088a00000, 0x0000000088b00000|  0%| F|  |TAMS 0x0000000088a00000, 0x0000000088a00000| Untracked 
| 119|0x0000000088b00000, 0x0000000088b00000, 0x0000000088c00000|  0%| F|  |TAMS 0x0000000088b00000, 0x0000000088b00000| Untracked 
| 120|0x0000000088c00000, 0x0000000088c00000, 0x0000000088d00000|  0%| F|  |TAMS 0x0000000088c00000, 0x0000000088c00000| Untracked 
| 121|0x0000000088d00000, 0x0000000088dd7930, 0x0000000088e00000| 84%| E|  |TAMS 0x0000000088d00000, 0x0000000088d00000| Complete 
| 122|0x0000000088e00000, 0x0000000088f00000, 0x0000000088f00000|100%| E|CS|TAMS 0x0000000088e00000, 0x0000000088e00000| Complete 
| 123|0x0000000088f00000, 0x0000000089000000, 0x0000000089000000|100%| E|CS|TAMS 0x0000000088f00000, 0x0000000088f00000| Complete 
| 124|0x0000000089000000, 0x0000000089100000, 0x0000000089100000|100%| E|CS|TAMS 0x0000000089000000, 0x0000000089000000| Complete 
| 125|0x0000000089100000, 0x0000000089200000, 0x0000000089200000|100%| E|CS|TAMS 0x0000000089100000, 0x0000000089100000| Complete 
| 126|0x0000000089200000, 0x0000000089300000, 0x0000000089300000|100%| E|CS|TAMS 0x0000000089200000, 0x0000000089200000| Complete 
| 127|0x0000000089300000, 0x0000000089400000, 0x0000000089400000|100%| E|CS|TAMS 0x0000000089300000, 0x0000000089300000| Complete 

Card table byte_map: [0x0000021756c20000,0x0000021757020000] _byte_map_base: 0x0000021756816000

Marking Bits (Prev, Next): (CMBitMap*) 0x000002173f459c58, (CMBitMap*) 0x000002173f459c98
 Prev Bits: [0x0000021757420000, 0x00000217593d0000)
 Next Bits: [0x00000217593d0000, 0x000002175b380000)

Polling page: 0x000002173d3e0000

Metaspace:

Usage:
  Non-class:      4.42 MB capacity,     1.84 MB ( 42%) used,     2.57 MB ( 58%) free+waste,     6.25 KB ( <1%) overhead. 
      Class:    509.00 KB capacity,   240.65 KB ( 47%) used,   264.73 KB ( 52%) free+waste,     3.63 KB ( <1%) overhead. 
       Both:      4.91 MB capacity,     2.07 MB ( 42%) used,     2.83 MB ( 58%) free+waste,     9.88 KB ( <1%) overhead. 

Virtual space:
  Non-class space:        8.00 MB reserved,       4.50 MB ( 56%) committed 
      Class space:        1.00 GB reserved,     512.00 KB ( <1%) committed 
             Both:        1.01 GB reserved,       5.00 MB ( <1%) committed 

Chunk freelists:
   Non-Class:  2.75 KB
       Class:  384 bytes
        Both:  3.13 KB

CodeHeap 'non-profiled nmethods': size=120064Kb used=176Kb max_used=176Kb free=119887Kb
 bounds [0x000002174f2e0000, 0x000002174f550000, 0x0000021756820000]
CodeHeap 'profiled nmethods': size=120000Kb used=1018Kb max_used=1018Kb free=118981Kb
 bounds [0x0000021747db0000, 0x0000021748020000, 0x000002174f2e0000]
CodeHeap 'non-nmethods': size=5696Kb used=1164Kb max_used=1180Kb free=4531Kb
 bounds [0x0000021747820000, 0x0000021747a90000, 0x0000021747db0000]
 total_blobs=1045 nmethods=573 adapters=283
 compilation: enabled
              stopped_count=0, restarted_count=0
 full_count=0

Compilation events (10 events):
Event: 0.674 Thread 0x000002175d878800 nmethod 570 0x0000021747ea4110 code [0x0000021747ea42e0, 0x0000021747ea4610]
Event: 0.675 Thread 0x000002175d878800  572   !   3       java.net.URL::<init> (543 bytes)
Event: 0.676 Thread 0x000002175d86f000 nmethod 558 0x000002174f30b590 code [0x000002174f30b740, 0x000002174f30b998]
Event: 0.676 Thread 0x000002175d86f000  569       4       java.lang.String::indexOf (7 bytes)
Event: 0.681 Thread 0x000002175d86f000 nmethod 569 0x000002174f30bb10 code [0x000002174f30bcc0, 0x000002174f30bf18]
Event: 0.683 Thread 0x000002175d878800 nmethod 572 0x0000021747ea4710 code [0x0000021747ea4ec0, 0x0000021747eab210]
Event: 0.683 Thread 0x000002175d878800  571       3       java.net.URL::<init> (8 bytes)
Event: 0.683 Thread 0x000002175d878800 nmethod 571 0x0000021747ead690 code [0x0000021747ead860, 0x0000021747eada30]
Event: 0.683 Thread 0x000002175d878800  573       3       java.net.URLStreamHandler::setURL (73 bytes)
Event: 0.684 Thread 0x000002175d878800 nmethod 573 0x0000021747eadb10 code [0x0000021747eadd80, 0x0000021747eae580]

GC Heap History (0 events):
No events

Deoptimization events (10 events):
Event: 0.337 Thread 0x000002173f419800 Uncommon trap: reason=unstable_if action=reinterpret pc=0x000002174f2eeaa8 method=java.lang.String.isLatin1()Z @ 10 c2
Event: 0.346 Thread 0x000002173f419800 Uncommon trap: reason=class_check action=maybe_recompile pc=0x000002174f2ed920 method=java.util.HashMap.putVal(ILjava/lang/Object;Ljava/lang/Object;ZZ)Ljava/lang/Object; @ 152 c2
Event: 0.347 Thread 0x000002173f419800 Uncommon trap: reason=class_check action=maybe_recompile pc=0x000002174f2ed920 method=java.util.HashMap.putVal(ILjava/lang/Object;Ljava/lang/Object;ZZ)Ljava/lang/Object; @ 152 c2
Event: 0.347 Thread 0x000002173f419800 Uncommon trap: reason=class_check action=maybe_recompile pc=0x000002174f2ed920 method=java.util.HashMap.putVal(ILjava/lang/Object;Ljava/lang/Object;ZZ)Ljava/lang/Object; @ 152 c2
Event: 0.347 Thread 0x000002173f419800 Uncommon trap: reason=class_check action=maybe_recompile pc=0x000002174f2ed920 method=java.util.HashMap.putVal(ILjava/lang/Object;Ljava/lang/Object;ZZ)Ljava/lang/Object; @ 152 c2
Event: 0.489 Thread 0x000002173f419800 Uncommon trap: reason=bimorphic_or_optimized_type_check action=maybe_recompile pc=0x000002174f2e9344 method=java.util.AbstractCollection.isEmpty()Z @ 1 c2
Event: 0.489 Thread 0x000002173f419800 Uncommon trap: reason=bimorphic_or_optimized_type_check action=maybe_recompile pc=0x000002174f2e9344 method=java.util.AbstractCollection.isEmpty()Z @ 1 c2
Event: 0.491 Thread 0x000002173f419800 Uncommon trap: reason=bimorphic_or_optimized_type_check action=maybe_recompile pc=0x000002174f2e9344 method=java.util.AbstractCollection.isEmpty()Z @ 1 c2
Event: 0.491 Thread 0x000002173f419800 Uncommon trap: reason=bimorphic_or_optimized_type_check action=maybe_recompile pc=0x000002174f2e9344 method=java.util.AbstractCollection.isEmpty()Z @ 1 c2
Event: 0.546 Thread 0x000002173f419800 Uncommon trap: reason=unstable_if action=reinterpret pc=0x000002174f2f4240 method=java.util.HashMap.putVal(ILjava/lang/Object;Ljava/lang/Object;ZZ)Ljava/lang/Object; @ 181 c2

Classes redefined (2 events):
Event: 217.703 Thread 0x000002175d84d800 redefined class name=com.sparta.da.Sorters.InsertionSorter, count=1
Event: 259.120 Thread 0x000002175d84d800 redefined class name=com.sparta.da.Sorters.InsertionSorter, count=2

Internal exceptions (10 events):
Event: 0.522 Thread 0x000002173f419800 Exception <a 'java/lang/ClassNotFoundException'{0x0000000088f7e550}: java/lang/ObjectCustomizer> (0x0000000088f7e550) thrown at [t:/workspace/open/src/hotspot/share/classfile/systemDictionary.cpp, line 235]
Event: 0.533 Thread 0x000002173f419800 Exception <a 'java/lang/IncompatibleClassChangeError'{0x0000000088f9e5c0}: Found class java.lang.Object, but interface was expected> (0x0000000088f9e5c0) thrown at [t:/workspace/open/src/hotspot/share/interpreter/linkResolver.cpp, line 843]
Event: 0.542 Thread 0x000002173f419800 Exception <a 'java/lang/ClassNotFoundException'{0x0000000088fc0d30}: org/apache/log4j/LayoutCustomizer> (0x0000000088fc0d30) thrown at [t:/workspace/open/src/hotspot/share/classfile/systemDictionary.cpp, line 235]
Event: 0.545 Thread 0x000002173f419800 Exception <a 'java/lang/ClassNotFoundException'{0x0000000088fd39e8}: org/apache/log4j/PatternLayoutCustomizer> (0x0000000088fd39e8) thrown at [t:/workspace/open/src/hotspot/share/classfile/systemDictionary.cpp, line 235]
Event: 0.655 Thread 0x000002173f419800 Exception <a 'java/lang/ClassNotFoundException'{0x0000000088d92c78}: org/apache/log4j/FileAppenderBeanInfo> (0x0000000088d92c78) thrown at [t:/workspace/open/src/hotspot/share/classfile/systemDictionary.cpp, line 235]
Event: 0.655 Thread 0x000002173f419800 Exception <a 'java/lang/ClassNotFoundException'{0x0000000088d94c38}: org/apache/log4j/WriterAppenderBeanInfo> (0x0000000088d94c38) thrown at [t:/workspace/open/src/hotspot/share/classfile/systemDictionary.cpp, line 235]
Event: 0.656 Thread 0x000002173f419800 Exception <a 'java/lang/ClassNotFoundException'{0x0000000088d96c58}: org/apache/log4j/AppenderSkeletonBeanInfo> (0x0000000088d96c58) thrown at [t:/workspace/open/src/hotspot/share/classfile/systemDictionary.cpp, line 235]
Event: 0.657 Thread 0x000002173f419800 Exception <a 'java/lang/ClassNotFoundException'{0x0000000088d98d08}: org/apache/log4j/AppenderSkeletonCustomizer> (0x0000000088d98d08) thrown at [t:/workspace/open/src/hotspot/share/classfile/systemDictionary.cpp, line 235]
Event: 0.666 Thread 0x000002173f419800 Exception <a 'java/lang/ClassNotFoundException'{0x0000000088da8c68}: org/apache/log4j/WriterAppenderCustomizer> (0x0000000088da8c68) thrown at [t:/workspace/open/src/hotspot/share/classfile/systemDictionary.cpp, line 235]
Event: 0.670 Thread 0x000002173f419800 Exception <a 'java/lang/ClassNotFoundException'{0x0000000088db4a00}: org/apache/log4j/FileAppenderCustomizer> (0x0000000088db4a00) thrown at [t:/workspace/open/src/hotspot/share/classfile/systemDictionary.cpp, line 235]

Events (10 events):
Event: 385.192 Executing VM operation: ChangeBreakpoints done
Event: 385.193 Executing VM operation: ChangeBreakpoints
Event: 385.193 Executing VM operation: ChangeBreakpoints done
Event: 385.193 Executing VM operation: ChangeBreakpoints
Event: 385.193 Executing VM operation: ChangeBreakpoints done
Event: 385.194 Executing VM operation: ChangeBreakpoints
Event: 385.194 Executing VM operation: ChangeBreakpoints done
Event: 385.195 Executing VM operation: GetFrameLocation
Event: 385.195 Executing VM operation: GetFrameLocation done
Event: 385.195 Executing VM operation: GetOrSetLocal


Dynamic libraries:
0x00007ff79c8e0000 - 0x00007ff79c8ef000 	C:\Program Files\Java\jdk-12.0.2\bin\java.exe
0x00007ffc7c1e0000 - 0x00007ffc7c3d0000 	C:\WINDOWS\SYSTEM32\ntdll.dll
0x00007ffc7bb80000 - 0x00007ffc7bc32000 	C:\WINDOWS\System32\KERNEL32.DLL
0x00007ffc79220000 - 0x00007ffc794c3000 	C:\WINDOWS\System32\KERNELBASE.dll
0x00007ffc7a160000 - 0x00007ffc7a25a000 	C:\WINDOWS\System32\ucrtbase.dll
0x00007ffc75690000 - 0x00007ffc756a8000 	C:\Program Files\Java\jdk-12.0.2\bin\jli.dll
0x00007ffc7c0f0000 - 0x00007ffc7c193000 	C:\WINDOWS\System32\ADVAPI32.dll
0x00007ffc7c050000 - 0x00007ffc7c0ee000 	C:\WINDOWS\System32\msvcrt.dll
0x00007ffc7be10000 - 0x00007ffc7bea7000 	C:\WINDOWS\System32\sechost.dll
0x00007ffc7ba60000 - 0x00007ffc7bb80000 	C:\WINDOWS\System32\RPCRT4.dll
0x00007ffc7beb0000 - 0x00007ffc7c044000 	C:\WINDOWS\System32\USER32.dll
0x00007ffc7a130000 - 0x00007ffc7a151000 	C:\WINDOWS\System32\win32u.dll
0x00007ffc7a720000 - 0x00007ffc7a746000 	C:\WINDOWS\System32\GDI32.dll
0x00007ffc794d0000 - 0x00007ffc79664000 	C:\WINDOWS\System32\gdi32full.dll
0x00007ffc79910000 - 0x00007ffc799ae000 	C:\WINDOWS\System32\msvcp_win.dll
0x00007ffc647d0000 - 0x00007ffc64a55000 	C:\WINDOWS\WinSxS\amd64_microsoft.windows.common-controls_6595b64144ccf1df_6.0.18362.418_none_e6c6b287130d565d\COMCTL32.dll
0x00007ffc7a3e0000 - 0x00007ffc7a716000 	C:\WINDOWS\System32\combase.dll
0x00007ffc79840000 - 0x00007ffc798c0000 	C:\WINDOWS\System32\bcryptPrimitives.dll
0x00007ffc74460000 - 0x00007ffc74476000 	C:\Program Files\Java\jdk-12.0.2\bin\VCRUNTIME140.dll
0x00007ffc74240000 - 0x00007ffc7424a000 	C:\WINDOWS\SYSTEM32\VERSION.dll
0x00007ffc7bc40000 - 0x00007ffc7bc6e000 	C:\WINDOWS\System32\IMM32.DLL
0x00007ffc62370000 - 0x00007ffc6241a000 	C:\Program Files\Java\jdk-12.0.2\bin\msvcp140.dll
0x00007ffc383f0000 - 0x00007ffc38f67000 	C:\Program Files\Java\jdk-12.0.2\bin\server\jvm.dll
0x00007ffc7a3d0000 - 0x00007ffc7a3d8000 	C:\WINDOWS\System32\PSAPI.DLL
0x00007ffc56120000 - 0x00007ffc56129000 	C:\WINDOWS\SYSTEM32\WSOCK32.dll
0x00007ffc7af40000 - 0x00007ffc7afaf000 	C:\WINDOWS\System32\WS2_32.dll
0x00007ffc76e00000 - 0x00007ffc76e24000 	C:\WINDOWS\SYSTEM32\WINMM.dll
0x00007ffc76dd0000 - 0x00007ffc76dfd000 	C:\WINDOWS\SYSTEM32\WINMMBASE.dll
0x00007ffc798c0000 - 0x00007ffc7990a000 	C:\WINDOWS\System32\cfgmgr32.dll
0x00007ffc79150000 - 0x00007ffc79161000 	C:\WINDOWS\System32\kernel.appcore.dll
0x00007ffc73a70000 - 0x00007ffc73a81000 	C:\Program Files\Java\jdk-12.0.2\bin\verify.dll
0x00007ffc77990000 - 0x00007ffc77b84000 	C:\WINDOWS\SYSTEM32\DBGHELP.DLL
0x00007ffc6d4a0000 - 0x00007ffc6d4ca000 	C:\WINDOWS\SYSTEM32\dbgcore.DLL
0x00007ffc6b580000 - 0x00007ffc6b5a6000 	C:\Program Files\Java\jdk-12.0.2\bin\java.dll
0x00007ffc6b9d0000 - 0x00007ffc6ba08000 	C:\Program Files\Java\jdk-12.0.2\bin\jdwp.dll
0x00007ffc6bbf0000 - 0x00007ffc6bbfe000 	C:\Program Files\Java\jdk-12.0.2\bin\instrument.dll
0x00007ffc73a50000 - 0x00007ffc73a67000 	C:\Program Files\Java\jdk-12.0.2\bin\zip.dll
0x00007ffc75380000 - 0x00007ffc7538a000 	C:\Program Files\Java\jdk-12.0.2\bin\jimage.dll
0x00007ffc7b080000 - 0x00007ffc7b765000 	C:\WINDOWS\System32\SHELL32.dll
0x00007ffc7ad80000 - 0x00007ffc7ae29000 	C:\WINDOWS\System32\shcore.dll
0x00007ffc799b0000 - 0x00007ffc7a12f000 	C:\WINDOWS\System32\windows.storage.dll
0x00007ffc790e0000 - 0x00007ffc790ff000 	C:\WINDOWS\System32\profapi.dll
0x00007ffc79100000 - 0x00007ffc7914a000 	C:\WINDOWS\System32\powrprof.dll
0x00007ffc790b0000 - 0x00007ffc790c0000 	C:\WINDOWS\System32\UMPDC.dll
0x00007ffc7bdb0000 - 0x00007ffc7be02000 	C:\WINDOWS\System32\shlwapi.dll
0x00007ffc797c0000 - 0x00007ffc797d7000 	C:\WINDOWS\System32\cryptsp.dll
0x00007ffc6bb70000 - 0x00007ffc6bb7a000 	C:\Program Files\Java\jdk-12.0.2\bin\dt_socket.dll
0x00007ffc78870000 - 0x00007ffc788d7000 	C:\WINDOWS\system32\mswsock.dll
0x00007ffc71a40000 - 0x00007ffc71a59000 	C:\Program Files\Java\jdk-12.0.2\bin\net.dll
0x00007ffc6d550000 - 0x00007ffc6d640000 	C:\WINDOWS\SYSTEM32\WINHTTP.dll
0x00007ffc69220000 - 0x00007ffc693f6000 	C:\WINDOWS\SYSTEM32\urlmon.dll
0x00007ffc69820000 - 0x00007ffc69ac6000 	C:\WINDOWS\SYSTEM32\iertutil.dll
0x00007ffc789f0000 - 0x00007ffc789fc000 	C:\WINDOWS\SYSTEM32\CRYPTBASE.DLL
0x00007ffc6b680000 - 0x00007ffc6b693000 	C:\Program Files\Java\jdk-12.0.2\bin\nio.dll

dbghelp: loaded successfully - version: 4.0.5 - missing functions: none
symbol engine: initialized successfully - sym options: 0x614 - pdb path: .;C:\Program Files\Java\jdk-12.0.2\bin;C:\WINDOWS\SYSTEM32;C:\WINDOWS\WinSxS\amd64_microsoft.windows.common-controls_6595b64144ccf1df_6.0.18362.418_none_e6c6b287130d565d;C:\Program Files\Java\jdk-12.0.2\bin\server

VM Arguments:
jvm_args: -agentlib:jdwp=transport=dt_socket,address=127.0.0.1:50915,suspend=y,server=n -javaagent:C:\Users\DAVIDA~1\AppData\Local\Temp\captureAgent1825jars\debugger-agent.jar -Dfile.encoding=UTF-8 
java_command: com.sparta.da.Manager.Starter
java_class_path (initial): C:\Users\David Asare\IdeaProjects\SortManager\target\classes;C:\Users\David Asare\.m2\repository\log4j\log4j\1.2.17\log4j-1.2.17.jar;C:\Users\David Asare\.m2\repository\org\apache\commons\commons-lang3\3.9\commons-lang3-3.9.jar;C:\Program Files\JetBrains\IntelliJ IDEA Community Edition 2019.2.3\lib\idea_rt.jar
Launcher Type: SUN_STANDARD

[Global flags]
     intx CICompilerCount                          = 3                                         {product} {ergonomic}
     uint ConcGCThreads                            = 1                                         {product} {ergonomic}
     uint G1ConcRefinementThreads                  = 4                                         {product} {ergonomic}
   size_t G1HeapRegionSize                         = 1048576                                   {product} {ergonomic}
    uintx GCDrainStackTargetSize                   = 64                                        {product} {ergonomic}
   size_t InitialHeapSize                          = 134217728                                 {product} {ergonomic}
   size_t MarkStackSize                            = 4194304                                   {product} {ergonomic}
   size_t MaxHeapSize                              = 2126512128                                {product} {ergonomic}
   size_t MaxNewSize                               = 1275068416                                {product} {ergonomic}
   size_t MinHeapDeltaBytes                        = 1048576                                   {product} {ergonomic}
    uintx NonNMethodCodeHeapSize                   = 5830732                                {pd product} {ergonomic}
    uintx NonProfiledCodeHeapSize                  = 122913754                              {pd product} {ergonomic}
    uintx ProfiledCodeHeapSize                     = 122913754                              {pd product} {ergonomic}
    uintx ReservedCodeCacheSize                    = 251658240                              {pd product} {ergonomic}
     bool SegmentedCodeCache                       = true                                      {product} {ergonomic}
     bool UseCompressedClassPointers               = true                                 {lp64_product} {ergonomic}
     bool UseCompressedOops                        = true                                 {lp64_product} {ergonomic}
     bool UseG1GC                                  = true                                      {product} {ergonomic}
     bool UseLargePagesIndividualAllocation        = false                                  {pd product} {ergonomic}

Logging:
Log output configuration:
 #0: stdout all=warning uptime,level,tags
 #1: stderr all=off uptime,level,tags

Environment Variables:
JAVA_HOME=C:\Program Files\Java\jdk-12.0.2
PATH=C:\Program Files\Java\jdk-12.0.2\bin;C:\ProgramData\DockerDesktop\version-bin;C:\Program Files\Docker\Docker\Resources\bin;C:\Program Files\Java\jdk-11.0.4\bin;C:\WINDOWS\system32;C:\WINDOWS;C:\WINDOWS\System32\Wbem;C:\WINDOWS\System32\WindowsPowerShell\v1.0\;C:\WINDOWS\System32\OpenSSH\;C:\Program Files (x86)\Intel\Intel(R) Management Engine Components\DAL;C:\Program Files\Intel\Intel(R) Management Engine Components\DAL;C:\Program Files (x86)\Intel\Intel(R) Management Engine Components\IPT;C:\Program Files\Intel\Intel(R) Management Engine Components\IPT;C:\Program Files\Intel\WiFi\bin\;C:\Program Files\Common Files\Intel\WirelessCommon\;C:\Program Files (x86)\Microsoft SQL Server\150\DTS\Binn\;C:\Program Files\Git\cmd;C:\Users\David Asare\AppData\Local\Microsoft\WindowsApps;
USERNAME=David Asare
OS=Windows_NT
PROCESSOR_IDENTIFIER=Intel64 Family 6 Model 142 Stepping 9, GenuineIntel



---------------  S Y S T E M  ---------------

OS: Windows 10 , 64 bit Build 18362 (10.0.18362.329)

CPU:total 4 (initial active 4) (2 cores per cpu, 2 threads per core) family 6 model 142 stepping 9, cmov, cx8, fxsr, mmx, sse, sse2, sse3, ssse3, sse4.1, sse4.2, popcnt, avx, avx2, aes, clmul, erms, 3dnowpref, lzcnt, ht, tsc, tscinvbit, bmi1, bmi2, adx, fma

Memory: 4k page, system-wide physical 8108M (656M free)
TotalPageFile size 19884M (AvailPageFile size 5089M)
current process WorkingSet (physical memory assigned to process): 43M, peak: 45M
current process commit charge ("private bytes"): 213M, peak: 216M

vm_info: Java HotSpot(TM) 64-Bit Server VM (12.0.2+10) for windows-amd64 JRE (12.0.2+10), built on Jul 16 2019 01:56:17 by "mach5one" with MS VC++ 15.5 (VS2017)

END.
