#
# A fatal error has been detected by the Java Runtime Environment:
#
#  EXCEPTION_ACCESS_VIOLATION (0xc0000005) at pc=0x00007ffc3873cf53, pid=4424, tid=9844
#
# JRE version: Java(TM) SE Runtime Environment (12.0.2+10) (build 12.0.2+10)
# Java VM: Java HotSpot(TM) 64-Bit Server VM (12.0.2+10, mixed mode, sharing, tiered, compressed oops, g1 gc, windows-amd64)
# Problematic frame:
# V  [jvm.dll+0x34cf53]
#
# No core dump will be written. Minidumps are not enabled by default on client versions of Windows
#
# If you would like to submit a bug report, please visit:
#   http://bugreport.java.com/bugreport/crash.jsp
#

---------------  S U M M A R Y ------------

Command Line: -agentlib:jdwp=transport=dt_socket,address=127.0.0.1:55455,suspend=y,server=n -ea -Didea.test.cyclic.buffer.size=1048576 -javaagent:C:\Users\DAVIDA~1\AppData\Local\Temp\captureAgent106jars\debugger-agent.jar -Dfile.encoding=UTF-8 com.intellij.rt.execution.junit.JUnitStarter -ideVersion5 -junit4 com.sparta.da.SortTests,testArraySorted

Host: Intel(R) Core(TM) i5-7200U CPU @ 2.50GHz, 4 cores, 7G,  Windows 10 , 64 bit Build 18362 (10.0.18362.329)
Time: Sun Oct 27 12:02:24 2019 GMT Standard Time elapsed time: 400 seconds (0d 0h 6m 40s)

---------------  T H R E A D  ---------------

Current thread (0x0000018ffef9a800):  VMThread "VM Thread" [stack: 0x0000007eaed00000,0x0000007eaee00000] [id=9844]

Stack: [0x0000007eaed00000,0x0000007eaee00000],  sp=0x0000007eaedfeea0,  free space=1019k
Native frames: (J=compiled Java code, j=interpreted, Vv=VM code, C=native code)
V  [jvm.dll+0x34cf53]
V  [jvm.dll+0x351177]
V  [jvm.dll+0x35167a]
V  [jvm.dll+0x34d222]
V  [jvm.dll+0x629765]
V  [jvm.dll+0x6294ed]
V  [jvm.dll+0x5f07aa]
V  [jvm.dll+0x505327]
V  [jvm.dll+0x78f7cc]
V  [jvm.dll+0x793637]
V  [jvm.dll+0x793e8b]
V  [jvm.dll+0x7941d7]
V  [jvm.dll+0x74a2c8]
V  [jvm.dll+0x639b16]
C  [ucrtbase.dll+0x20e72]
C  [KERNEL32.DLL+0x17bd4]
C  [ntdll.dll+0x6ced1]


siginfo: EXCEPTION_ACCESS_VIOLATION (0xc0000005), reading address 0xffffffffffffffff


Register to memory mapping:

RIP=0x00007ffc3873cf53 jvm.dll
RAX=0x0000018ff7f7e1e0 points into unknown readable memory: 51 00 00 00 00 01 00 40
RBX=0x0000007eaedff070 points into unknown readable memory: 68 d5 cc 38 fc 7f 00 00
RCX=0x0000007eaedff0e0 points into unknown readable memory: e0 e1 f7 f7 8f 01 00 00
RDX=0xffffffffffffcb5a is an unknown value
RSP=0x0000007eaedfeea0 points into unknown readable memory: 30 00 00 00 00 00 00 00
RBP=0x00007ffc3873cf30 jvm.dll
RSI=0x0 is NULL
RDI=0x00000000000000a3 is an unknown value
R8 =0x03ffffffffffff2d is an unknown value
R9 =0x000000000000001a is an unknown value
R10=0x00000008012141c8 is a pointer to class: 
com.sparta.da.Sorters.InsertionSorter {0x00000008012141d0}
R11={method} {0x0000018fff4aeaf0} 'getSortingArray' '([I)[I' in 'com/sparta/da/Sorters/InsertionSorter'
R12=0x0000000000000001 is an unknown value
R13=0x00007ffc383f0000 jvm.dll
R14=0x0000018fff4aea4f is pointing into metadata
R15=0x000000000000007f is an unknown value


Registers:
RAX=0x0000018ff7f7e1e0, RBX=0x0000007eaedff070, RCX=0x0000007eaedff0e0, RDX=0xffffffffffffcb5a
RSP=0x0000007eaedfeea0, RBP=0x00007ffc3873cf30, RSI=0x0000000000000000, RDI=0x00000000000000a3
R8 =0x03ffffffffffff2d, R9 =0x000000000000001a, R10=0x00000008012141c8, R11=0x0000018fff4aeae8
R12=0x0000000000000001, R13=0x00007ffc383f0000, R14=0x0000018fff4aea4f, R15=0x000000000000007f
RIP=0x00007ffc3873cf53, EFLAGS=0x0000000000010a06

Top of Stack: (sp=0x0000007eaedfeea0)
0x0000007eaedfeea0:   0000000000000030 0000018ff5c10cf0
0x0000007eaedfeeb0:   0000000000000025 0000000000000000
0x0000007eaedfeec0:   0000007eaedff070 00007ffc38741177
0x0000007eaedfeed0:   0000007eaedff070 0000000000000050
0x0000007eaedfeee0:   0000000000000000 00007ffc3851aa1e
0x0000007eaedfeef0:   0000007eaedfef40 0000018ffef9a800
0x0000007eaedfef00:   0000018ff7f7e518 0000018fff4aea4f
0x0000007eaedfef10:   00000000000000a3 00007ffc3874167a
0x0000007eaedfef20:   0000007eaedff070 000000000000007f
0x0000007eaedfef30:   00000000000000a3 0000018ff5c10cc0
0x0000007eaedfef40:   0000018fff4aeae8 0000018ffef9a800
0x0000007eaedfef50:   000000820000007f 000000a30000008a
0x0000007eaedfef60:   0000008a00000000 ffffffff000000a3
0x0000007eaedfef70:   0000018ff7f7e518 0000000000000000
0x0000007eaedfef80:   00007ffc38eca800 00000000000003d8
0x0000007eaedfef90:   0000018ff7f7e190 00007ffc3873d222 

Instructions: (pc=0x00007ffc3873cf53)
0x00007ffc3873ce53:   84 b4 00 00 00 48 8b 5b 10 48 85 db 75 ef 33 d2
0x00007ffc3873ce63:   8d 4a 18 e8 a5 f2 34 00 48 8b d8 48 85 c0 0f 84
0x00007ffc3873ce73:   8e 00 00 00 33 d2 48 89 6c 24 48 49 8b 2e 48 89
0x00007ffc3873ce83:   74 24 50 89 38 8d 4a 20 e8 80 f2 34 00 33 ff 48
0x00007ffc3873ce93:   8b f0 48 85 c0 74 54 8b 0d 60 69 6c 00 8d 57 08
0x00007ffc3873cea3:   89 48 04 48 8b c8 89 38 c7 40 10 07 00 00 00 48
0x00007ffc3873ceb3:   89 78 08 e8 b5 4d 01 00 48 89 46 18 39 7e 04 7e
0x00007ffc3873cec3:   2d 0f 1f 40 00 0f 1f 84 00 00 00 00 00 48 8b 46
0x00007ffc3873ced3:   18 48 63 cf 48 8d 14 c8 48 85 d2 74 05 33 c0 48
0x00007ffc3873cee3:   89 02 ff c7 3b 7e 04 7c e4 eb 03 48 8b f7 48 89
0x00007ffc3873cef3:   73 08 48 8b 74 24 50 48 89 6b 10 48 8b 6c 24 48
0x00007ffc3873cf03:   eb 04 33 ff 8b df 49 89 1e 48 8b 4b 08 48 8d 54
0x00007ffc3873cf13:   24 40 4c 89 7c 24 40 e8 f1 da f8 ff 48 8b 5c 24
0x00007ffc3873cf23:   58 48 83 c4 20 41 5f 41 5e 5f c3 cc cc 40 53 48
0x00007ffc3873cf33:   83 ec 20 48 63 d2 48 8b d9 0f b6 c2 48 83 c1 70
0x00007ffc3873cf43:   24 3f 4c 8b c2 44 0f b6 c8 49 c1 e8 06 48 8b 01
0x00007ffc3873cf53:   4e 8b 04 c0 4d 0f a3 c8 72 0b 41 b0 01 e8 7b d1
0x00007ffc3873cf63:   dc ff ff 43 6c 48 83 c4 20 5b c3 cc cc 8b c2 4c
0x00007ffc3873cf73:   8b d1 41 33 c0 a9 00 00 00 f0 0f 84 ca 00 00 00
0x00007ffc3873cf83:   44 8b ca 8b c2 41 c1 e9 1d b9 72 00 00 00 41 80
0x00007ffc3873cf93:   e1 01 c1 e8 1e 44 8d 59 ae a8 01 74 1a 45 84 c9
0x00007ffc3873cfa3:   75 0d c1 ea 1c f6 c2 01 75 05 44 8b c9 eb 35 41
0x00007ffc3873cfb3:   b9 23 00 00 00 eb 2d 45 84 c9 74 08 41 b9 76 00
0x00007ffc3873cfc3:   00 00 eb 20 8b c2 c1 e8 1c a8 01 74 08 41 b9 70
0x00007ffc3873cfd3:   00 00 00 eb 0f c1 ea 1f 41 b9 40 00 00 00 84 d2
0x00007ffc3873cfe3:   45 0f 45 cb 41 8b d0 41 8b c0 c1 ea 1d 80 e2 01
0x00007ffc3873cff3:   c1 e8 1e a8 01 74 15 84 d2 75 0a 41 c1 e8 1c 41
0x00007ffc3873d003:   f6 c0 01 74 33 b9 23 00 00 00 eb 2c 84 d2 74 07
0x00007ffc3873d013:   b9 76 00 00 00 eb 21 41 8b c0 c1 e8 1c a8 01 74
0x00007ffc3873d023:   07 b9 70 00 00 00 eb 10 41 c1 e8 1f b9 40 00 00
0x00007ffc3873d033:   00 45 84 c0 41 0f 45 cb 44 8b c1 48 8d 15 d3 35
0x00007ffc3873d043:   55 00 49 8b ca e9 93 60 00 00 c3 cc cc 48 89 5c 


Stack slot to memory mapping:
stack at sp + 0 slots: 0x0000000000000030 is an unknown value
stack at sp + 1 slots: 0x0000018ff5c10cf0 points into unknown readable memory: 00 00 14 00 00 00 00 00
stack at sp + 2 slots: 0x0000000000000025 is an unknown value
stack at sp + 3 slots: 0x0 is NULL
stack at sp + 4 slots: 0x0000007eaedff070 points into unknown readable memory: 68 d5 cc 38 fc 7f 00 00
stack at sp + 5 slots: 0x00007ffc38741177 jvm.dll
stack at sp + 6 slots: 0x0000007eaedff070 points into unknown readable memory: 68 d5 cc 38 fc 7f 00 00
stack at sp + 7 slots: 0x0000000000000050 is an unknown value

VM_Operation (0x0000007eaf6fee00): GetOrSetLocal, mode: safepoint, requested by thread 0x0000018fffa3a000


---------------  P R O C E S S  ---------------

Threads class SMR info:
_java_thread_list=0x0000018fffb7c960, length=13, elements={
0x0000018ff7eaa800, 0x0000018ffefa2000, 0x0000018ffefa3000, 0x0000018ffefba000,
0x0000018ffefbc800, 0x0000018ffefbd800, 0x0000018fff00d000, 0x0000018fff00e800,
0x0000018ffef82000, 0x0000018fffa3a000, 0x0000018fffab2800, 0x0000018fffac2800,
0x0000018fffb7b800
}

Java Threads: ( => current thread )
  0x0000018ff7eaa800 JavaThread "main" [_thread_blocked, id=21120, stack(0x0000007eae700000,0x0000007eae800000)]
  0x0000018ffefa2000 JavaThread "Reference Handler" daemon [_thread_blocked, id=9436, stack(0x0000007eaee00000,0x0000007eaef00000)]
  0x0000018ffefa3000 JavaThread "Finalizer" daemon [_thread_blocked, id=17836, stack(0x0000007eaef00000,0x0000007eaf000000)]
  0x0000018ffefba000 JavaThread "Signal Dispatcher" daemon [_thread_blocked, id=19628, stack(0x0000007eaf000000,0x0000007eaf100000)]
  0x0000018ffefbc800 JavaThread "Attach Listener" daemon [_thread_blocked, id=9172, stack(0x0000007eaf100000,0x0000007eaf200000)]
  0x0000018ffefbd800 JavaThread "C2 CompilerThread0" daemon [_thread_blocked, id=19440, stack(0x0000007eaf200000,0x0000007eaf300000)]
  0x0000018fff00d000 JavaThread "C1 CompilerThread0" daemon [_thread_blocked, id=21484, stack(0x0000007eaf300000,0x0000007eaf400000)]
  0x0000018fff00e800 JavaThread "Sweeper thread" daemon [_thread_blocked, id=11792, stack(0x0000007eaf400000,0x0000007eaf500000)]
  0x0000018ffef82000 JavaThread "Common-Cleaner" daemon [_thread_blocked, id=21612, stack(0x0000007eaf500000,0x0000007eaf600000)]
  0x0000018fffa3a000 JavaThread "JDWP Transport Listener: dt_socket" daemon [_thread_blocked, id=16724, stack(0x0000007eaf600000,0x0000007eaf700000)] _threads_hazard_ptr=0x0000018fffb7c960
  0x0000018fffab2800 JavaThread "JDWP Event Helper Thread" daemon [_thread_blocked, id=17552, stack(0x0000007eaf700000,0x0000007eaf800000)]
  0x0000018fffac2800 JavaThread "JDWP Command Reader" daemon [_thread_in_native, id=22316, stack(0x0000007eaf800000,0x0000007eaf900000)]
  0x0000018fffb7b800 JavaThread "Service Thread" daemon [_thread_blocked, id=14528, stack(0x0000007eaf900000,0x0000007eafa00000)]

Other Threads:
=>0x0000018ffef9a800 VMThread "VM Thread" [stack: 0x0000007eaed00000,0x0000007eaee00000] [id=9844]
  0x0000018fffb7e800 WatcherThread [stack: 0x0000007eafa00000,0x0000007eafb00000] [id=16696]
  0x0000018ff7ee9000 GCTaskThread "GC Thread#0" [stack: 0x0000007eae800000,0x0000007eae900000] [id=2648]
  0x0000018ff7ef6800 ConcurrentGCThread "G1 Main Marker" [stack: 0x0000007eae900000,0x0000007eaea00000] [id=18228]
  0x0000018ff7ef9000 ConcurrentGCThread "G1 Conc#0" [stack: 0x0000007eaea00000,0x0000007eaeb00000] [id=1932]
  0x0000018ffee20800 ConcurrentGCThread "G1 Refine#0" [stack: 0x0000007eaeb00000,0x0000007eaec00000] [id=15548]
  0x0000018ffee21800 ConcurrentGCThread "G1 Young RemSet Sampling" [stack: 0x0000007eaec00000,0x0000007eaed00000] [id=22092]

Threads with active compile tasks:

VM state:at safepoint (normal execution)

VM Mutex/Monitor currently owned by a thread:  ([mutex/lock_event])
[0x0000018ff7ea6070] Threads_lock - owner thread: 0x0000018ffef9a800

Heap address: 0x0000000081400000, size: 2028 MB, Compressed Oops mode: 32-bit
Narrow klass base: 0x0000000800000000, Narrow klass shift: 3
Compressed class space size: 1073741824 Address: 0x0000000801190000

Heap:
 garbage-first heap   total 131072K, used 7168K [0x0000000081400000, 0x0000000100000000)
  region size 1024K, 8 young (8192K), 0 survivors (0K)
 Metaspace       used 2338K, capacity 5326K, committed 5504K, reserved 1056768K
  class space    used 258K, capacity 541K, committed 640K, reserved 1048576K
Heap Regions: E=young(eden), S=young(survivor), O=old, HS=humongous(starts), HC=humongous(continues), CS=collection set, F=free, A=archive, TAMS=top-at-mark-start (previous, next)
|   0|0x0000000081400000, 0x0000000081400000, 0x0000000081500000|  0%| F|  |TAMS 0x0000000081400000, 0x0000000081400000| Untracked 
|   1|0x0000000081500000, 0x0000000081500000, 0x0000000081600000|  0%| F|  |TAMS 0x0000000081500000, 0x0000000081500000| Untracked 
|   2|0x0000000081600000, 0x0000000081600000, 0x0000000081700000|  0%| F|  |TAMS 0x0000000081600000, 0x0000000081600000| Untracked 
|   3|0x0000000081700000, 0x0000000081700000, 0x0000000081800000|  0%| F|  |TAMS 0x0000000081700000, 0x0000000081700000| Untracked 
|   4|0x0000000081800000, 0x0000000081800000, 0x0000000081900000|  0%| F|  |TAMS 0x0000000081800000, 0x0000000081800000| Untracked 
|   5|0x0000000081900000, 0x0000000081900000, 0x0000000081a00000|  0%| F|  |TAMS 0x0000000081900000, 0x0000000081900000| Untracked 
|   6|0x0000000081a00000, 0x0000000081a00000, 0x0000000081b00000|  0%| F|  |TAMS 0x0000000081a00000, 0x0000000081a00000| Untracked 
|   7|0x0000000081b00000, 0x0000000081b00000, 0x0000000081c00000|  0%| F|  |TAMS 0x0000000081b00000, 0x0000000081b00000| Untracked 
|   8|0x0000000081c00000, 0x0000000081c00000, 0x0000000081d00000|  0%| F|  |TAMS 0x0000000081c00000, 0x0000000081c00000| Untracked 
|   9|0x0000000081d00000, 0x0000000081d00000, 0x0000000081e00000|  0%| F|  |TAMS 0x0000000081d00000, 0x0000000081d00000| Untracked 
|  10|0x0000000081e00000, 0x0000000081e00000, 0x0000000081f00000|  0%| F|  |TAMS 0x0000000081e00000, 0x0000000081e00000| Untracked 
|  11|0x0000000081f00000, 0x0000000081f00000, 0x0000000082000000|  0%| F|  |TAMS 0x0000000081f00000, 0x0000000081f00000| Untracked 
|  12|0x0000000082000000, 0x0000000082000000, 0x0000000082100000|  0%| F|  |TAMS 0x0000000082000000, 0x0000000082000000| Untracked 
|  13|0x0000000082100000, 0x0000000082100000, 0x0000000082200000|  0%| F|  |TAMS 0x0000000082100000, 0x0000000082100000| Untracked 
|  14|0x0000000082200000, 0x0000000082200000, 0x0000000082300000|  0%| F|  |TAMS 0x0000000082200000, 0x0000000082200000| Untracked 
|  15|0x0000000082300000, 0x0000000082300000, 0x0000000082400000|  0%| F|  |TAMS 0x0000000082300000, 0x0000000082300000| Untracked 
|  16|0x0000000082400000, 0x0000000082400000, 0x0000000082500000|  0%| F|  |TAMS 0x0000000082400000, 0x0000000082400000| Untracked 
|  17|0x0000000082500000, 0x0000000082500000, 0x0000000082600000|  0%| F|  |TAMS 0x0000000082500000, 0x0000000082500000| Untracked 
|  18|0x0000000082600000, 0x0000000082600000, 0x0000000082700000|  0%| F|  |TAMS 0x0000000082600000, 0x0000000082600000| Untracked 
|  19|0x0000000082700000, 0x0000000082700000, 0x0000000082800000|  0%| F|  |TAMS 0x0000000082700000, 0x0000000082700000| Untracked 
|  20|0x0000000082800000, 0x0000000082800000, 0x0000000082900000|  0%| F|  |TAMS 0x0000000082800000, 0x0000000082800000| Untracked 
|  21|0x0000000082900000, 0x0000000082900000, 0x0000000082a00000|  0%| F|  |TAMS 0x0000000082900000, 0x0000000082900000| Untracked 
|  22|0x0000000082a00000, 0x0000000082a00000, 0x0000000082b00000|  0%| F|  |TAMS 0x0000000082a00000, 0x0000000082a00000| Untracked 
|  23|0x0000000082b00000, 0x0000000082b00000, 0x0000000082c00000|  0%| F|  |TAMS 0x0000000082b00000, 0x0000000082b00000| Untracked 
|  24|0x0000000082c00000, 0x0000000082c00000, 0x0000000082d00000|  0%| F|  |TAMS 0x0000000082c00000, 0x0000000082c00000| Untracked 
|  25|0x0000000082d00000, 0x0000000082d00000, 0x0000000082e00000|  0%| F|  |TAMS 0x0000000082d00000, 0x0000000082d00000| Untracked 
|  26|0x0000000082e00000, 0x0000000082e00000, 0x0000000082f00000|  0%| F|  |TAMS 0x0000000082e00000, 0x0000000082e00000| Untracked 
|  27|0x0000000082f00000, 0x0000000082f00000, 0x0000000083000000|  0%| F|  |TAMS 0x0000000082f00000, 0x0000000082f00000| Untracked 
|  28|0x0000000083000000, 0x0000000083000000, 0x0000000083100000|  0%| F|  |TAMS 0x0000000083000000, 0x0000000083000000| Untracked 
|  29|0x0000000083100000, 0x0000000083100000, 0x0000000083200000|  0%| F|  |TAMS 0x0000000083100000, 0x0000000083100000| Untracked 
|  30|0x0000000083200000, 0x0000000083200000, 0x0000000083300000|  0%| F|  |TAMS 0x0000000083200000, 0x0000000083200000| Untracked 
|  31|0x0000000083300000, 0x0000000083300000, 0x0000000083400000|  0%| F|  |TAMS 0x0000000083300000, 0x0000000083300000| Untracked 
|  32|0x0000000083400000, 0x0000000083400000, 0x0000000083500000|  0%| F|  |TAMS 0x0000000083400000, 0x0000000083400000| Untracked 
|  33|0x0000000083500000, 0x0000000083500000, 0x0000000083600000|  0%| F|  |TAMS 0x0000000083500000, 0x0000000083500000| Untracked 
|  34|0x0000000083600000, 0x0000000083600000, 0x0000000083700000|  0%| F|  |TAMS 0x0000000083600000, 0x0000000083600000| Untracked 
|  35|0x0000000083700000, 0x0000000083700000, 0x0000000083800000|  0%| F|  |TAMS 0x0000000083700000, 0x0000000083700000| Untracked 
|  36|0x0000000083800000, 0x0000000083800000, 0x0000000083900000|  0%| F|  |TAMS 0x0000000083800000, 0x0000000083800000| Untracked 
|  37|0x0000000083900000, 0x0000000083900000, 0x0000000083a00000|  0%| F|  |TAMS 0x0000000083900000, 0x0000000083900000| Untracked 
|  38|0x0000000083a00000, 0x0000000083a00000, 0x0000000083b00000|  0%| F|  |TAMS 0x0000000083a00000, 0x0000000083a00000| Untracked 
|  39|0x0000000083b00000, 0x0000000083b00000, 0x0000000083c00000|  0%| F|  |TAMS 0x0000000083b00000, 0x0000000083b00000| Untracked 
|  40|0x0000000083c00000, 0x0000000083c00000, 0x0000000083d00000|  0%| F|  |TAMS 0x0000000083c00000, 0x0000000083c00000| Untracked 
|  41|0x0000000083d00000, 0x0000000083d00000, 0x0000000083e00000|  0%| F|  |TAMS 0x0000000083d00000, 0x0000000083d00000| Untracked 
|  42|0x0000000083e00000, 0x0000000083e00000, 0x0000000083f00000|  0%| F|  |TAMS 0x0000000083e00000, 0x0000000083e00000| Untracked 
|  43|0x0000000083f00000, 0x0000000083f00000, 0x0000000084000000|  0%| F|  |TAMS 0x0000000083f00000, 0x0000000083f00000| Untracked 
|  44|0x0000000084000000, 0x0000000084000000, 0x0000000084100000|  0%| F|  |TAMS 0x0000000084000000, 0x0000000084000000| Untracked 
|  45|0x0000000084100000, 0x0000000084100000, 0x0000000084200000|  0%| F|  |TAMS 0x0000000084100000, 0x0000000084100000| Untracked 
|  46|0x0000000084200000, 0x0000000084200000, 0x0000000084300000|  0%| F|  |TAMS 0x0000000084200000, 0x0000000084200000| Untracked 
|  47|0x0000000084300000, 0x0000000084300000, 0x0000000084400000|  0%| F|  |TAMS 0x0000000084300000, 0x0000000084300000| Untracked 
|  48|0x0000000084400000, 0x0000000084400000, 0x0000000084500000|  0%| F|  |TAMS 0x0000000084400000, 0x0000000084400000| Untracked 
|  49|0x0000000084500000, 0x0000000084500000, 0x0000000084600000|  0%| F|  |TAMS 0x0000000084500000, 0x0000000084500000| Untracked 
|  50|0x0000000084600000, 0x0000000084600000, 0x0000000084700000|  0%| F|  |TAMS 0x0000000084600000, 0x0000000084600000| Untracked 
|  51|0x0000000084700000, 0x0000000084700000, 0x0000000084800000|  0%| F|  |TAMS 0x0000000084700000, 0x0000000084700000| Untracked 
|  52|0x0000000084800000, 0x0000000084800000, 0x0000000084900000|  0%| F|  |TAMS 0x0000000084800000, 0x0000000084800000| Untracked 
|  53|0x0000000084900000, 0x0000000084900000, 0x0000000084a00000|  0%| F|  |TAMS 0x0000000084900000, 0x0000000084900000| Untracked 
|  54|0x0000000084a00000, 0x0000000084a00000, 0x0000000084b00000|  0%| F|  |TAMS 0x0000000084a00000, 0x0000000084a00000| Untracked 
|  55|0x0000000084b00000, 0x0000000084b00000, 0x0000000084c00000|  0%| F|  |TAMS 0x0000000084b00000, 0x0000000084b00000| Untracked 
|  56|0x0000000084c00000, 0x0000000084c00000, 0x0000000084d00000|  0%| F|  |TAMS 0x0000000084c00000, 0x0000000084c00000| Untracked 
|  57|0x0000000084d00000, 0x0000000084d00000, 0x0000000084e00000|  0%| F|  |TAMS 0x0000000084d00000, 0x0000000084d00000| Untracked 
|  58|0x0000000084e00000, 0x0000000084e00000, 0x0000000084f00000|  0%| F|  |TAMS 0x0000000084e00000, 0x0000000084e00000| Untracked 
|  59|0x0000000084f00000, 0x0000000084f00000, 0x0000000085000000|  0%| F|  |TAMS 0x0000000084f00000, 0x0000000084f00000| Untracked 
|  60|0x0000000085000000, 0x0000000085000000, 0x0000000085100000|  0%| F|  |TAMS 0x0000000085000000, 0x0000000085000000| Untracked 
|  61|0x0000000085100000, 0x0000000085100000, 0x0000000085200000|  0%| F|  |TAMS 0x0000000085100000, 0x0000000085100000| Untracked 
|  62|0x0000000085200000, 0x0000000085200000, 0x0000000085300000|  0%| F|  |TAMS 0x0000000085200000, 0x0000000085200000| Untracked 
|  63|0x0000000085300000, 0x0000000085300000, 0x0000000085400000|  0%| F|  |TAMS 0x0000000085300000, 0x0000000085300000| Untracked 
|  64|0x0000000085400000, 0x0000000085400000, 0x0000000085500000|  0%| F|  |TAMS 0x0000000085400000, 0x0000000085400000| Untracked 
|  65|0x0000000085500000, 0x0000000085500000, 0x0000000085600000|  0%| F|  |TAMS 0x0000000085500000, 0x0000000085500000| Untracked 
|  66|0x0000000085600000, 0x0000000085600000, 0x0000000085700000|  0%| F|  |TAMS 0x0000000085600000, 0x0000000085600000| Untracked 
|  67|0x0000000085700000, 0x0000000085700000, 0x0000000085800000|  0%| F|  |TAMS 0x0000000085700000, 0x0000000085700000| Untracked 
|  68|0x0000000085800000, 0x0000000085800000, 0x0000000085900000|  0%| F|  |TAMS 0x0000000085800000, 0x0000000085800000| Untracked 
|  69|0x0000000085900000, 0x0000000085900000, 0x0000000085a00000|  0%| F|  |TAMS 0x0000000085900000, 0x0000000085900000| Untracked 
|  70|0x0000000085a00000, 0x0000000085a00000, 0x0000000085b00000|  0%| F|  |TAMS 0x0000000085a00000, 0x0000000085a00000| Untracked 
|  71|0x0000000085b00000, 0x0000000085b00000, 0x0000000085c00000|  0%| F|  |TAMS 0x0000000085b00000, 0x0000000085b00000| Untracked 
|  72|0x0000000085c00000, 0x0000000085c00000, 0x0000000085d00000|  0%| F|  |TAMS 0x0000000085c00000, 0x0000000085c00000| Untracked 
|  73|0x0000000085d00000, 0x0000000085d00000, 0x0000000085e00000|  0%| F|  |TAMS 0x0000000085d00000, 0x0000000085d00000| Untracked 
|  74|0x0000000085e00000, 0x0000000085e00000, 0x0000000085f00000|  0%| F|  |TAMS 0x0000000085e00000, 0x0000000085e00000| Untracked 
|  75|0x0000000085f00000, 0x0000000085f00000, 0x0000000086000000|  0%| F|  |TAMS 0x0000000085f00000, 0x0000000085f00000| Untracked 
|  76|0x0000000086000000, 0x0000000086000000, 0x0000000086100000|  0%| F|  |TAMS 0x0000000086000000, 0x0000000086000000| Untracked 
|  77|0x0000000086100000, 0x0000000086100000, 0x0000000086200000|  0%| F|  |TAMS 0x0000000086100000, 0x0000000086100000| Untracked 
|  78|0x0000000086200000, 0x0000000086200000, 0x0000000086300000|  0%| F|  |TAMS 0x0000000086200000, 0x0000000086200000| Untracked 
|  79|0x0000000086300000, 0x0000000086300000, 0x0000000086400000|  0%| F|  |TAMS 0x0000000086300000, 0x0000000086300000| Untracked 
|  80|0x0000000086400000, 0x0000000086400000, 0x0000000086500000|  0%| F|  |TAMS 0x0000000086400000, 0x0000000086400000| Untracked 
|  81|0x0000000086500000, 0x0000000086500000, 0x0000000086600000|  0%| F|  |TAMS 0x0000000086500000, 0x0000000086500000| Untracked 
|  82|0x0000000086600000, 0x0000000086600000, 0x0000000086700000|  0%| F|  |TAMS 0x0000000086600000, 0x0000000086600000| Untracked 
|  83|0x0000000086700000, 0x0000000086700000, 0x0000000086800000|  0%| F|  |TAMS 0x0000000086700000, 0x0000000086700000| Untracked 
|  84|0x0000000086800000, 0x0000000086800000, 0x0000000086900000|  0%| F|  |TAMS 0x0000000086800000, 0x0000000086800000| Untracked 
|  85|0x0000000086900000, 0x0000000086900000, 0x0000000086a00000|  0%| F|  |TAMS 0x0000000086900000, 0x0000000086900000| Untracked 
|  86|0x0000000086a00000, 0x0000000086a00000, 0x0000000086b00000|  0%| F|  |TAMS 0x0000000086a00000, 0x0000000086a00000| Untracked 
|  87|0x0000000086b00000, 0x0000000086b00000, 0x0000000086c00000|  0%| F|  |TAMS 0x0000000086b00000, 0x0000000086b00000| Untracked 
|  88|0x0000000086c00000, 0x0000000086c00000, 0x0000000086d00000|  0%| F|  |TAMS 0x0000000086c00000, 0x0000000086c00000| Untracked 
|  89|0x0000000086d00000, 0x0000000086d00000, 0x0000000086e00000|  0%| F|  |TAMS 0x0000000086d00000, 0x0000000086d00000| Untracked 
|  90|0x0000000086e00000, 0x0000000086e00000, 0x0000000086f00000|  0%| F|  |TAMS 0x0000000086e00000, 0x0000000086e00000| Untracked 
|  91|0x0000000086f00000, 0x0000000086f00000, 0x0000000087000000|  0%| F|  |TAMS 0x0000000086f00000, 0x0000000086f00000| Untracked 
|  92|0x0000000087000000, 0x0000000087000000, 0x0000000087100000|  0%| F|  |TAMS 0x0000000087000000, 0x0000000087000000| Untracked 
|  93|0x0000000087100000, 0x0000000087100000, 0x0000000087200000|  0%| F|  |TAMS 0x0000000087100000, 0x0000000087100000| Untracked 
|  94|0x0000000087200000, 0x0000000087200000, 0x0000000087300000|  0%| F|  |TAMS 0x0000000087200000, 0x0000000087200000| Untracked 
|  95|0x0000000087300000, 0x0000000087300000, 0x0000000087400000|  0%| F|  |TAMS 0x0000000087300000, 0x0000000087300000| Untracked 
|  96|0x0000000087400000, 0x0000000087400000, 0x0000000087500000|  0%| F|  |TAMS 0x0000000087400000, 0x0000000087400000| Untracked 
|  97|0x0000000087500000, 0x0000000087500000, 0x0000000087600000|  0%| F|  |TAMS 0x0000000087500000, 0x0000000087500000| Untracked 
|  98|0x0000000087600000, 0x0000000087600000, 0x0000000087700000|  0%| F|  |TAMS 0x0000000087600000, 0x0000000087600000| Untracked 
|  99|0x0000000087700000, 0x0000000087700000, 0x0000000087800000|  0%| F|  |TAMS 0x0000000087700000, 0x0000000087700000| Untracked 
| 100|0x0000000087800000, 0x0000000087800000, 0x0000000087900000|  0%| F|  |TAMS 0x0000000087800000, 0x0000000087800000| Untracked 
| 101|0x0000000087900000, 0x0000000087900000, 0x0000000087a00000|  0%| F|  |TAMS 0x0000000087900000, 0x0000000087900000| Untracked 
| 102|0x0000000087a00000, 0x0000000087a00000, 0x0000000087b00000|  0%| F|  |TAMS 0x0000000087a00000, 0x0000000087a00000| Untracked 
| 103|0x0000000087b00000, 0x0000000087b00000, 0x0000000087c00000|  0%| F|  |TAMS 0x0000000087b00000, 0x0000000087b00000| Untracked 
| 104|0x0000000087c00000, 0x0000000087c00000, 0x0000000087d00000|  0%| F|  |TAMS 0x0000000087c00000, 0x0000000087c00000| Untracked 
| 105|0x0000000087d00000, 0x0000000087d00000, 0x0000000087e00000|  0%| F|  |TAMS 0x0000000087d00000, 0x0000000087d00000| Untracked 
| 106|0x0000000087e00000, 0x0000000087e00000, 0x0000000087f00000|  0%| F|  |TAMS 0x0000000087e00000, 0x0000000087e00000| Untracked 
| 107|0x0000000087f00000, 0x0000000087f00000, 0x0000000088000000|  0%| F|  |TAMS 0x0000000087f00000, 0x0000000087f00000| Untracked 
| 108|0x0000000088000000, 0x0000000088000000, 0x0000000088100000|  0%| F|  |TAMS 0x0000000088000000, 0x0000000088000000| Untracked 
| 109|0x0000000088100000, 0x0000000088100000, 0x0000000088200000|  0%| F|  |TAMS 0x0000000088100000, 0x0000000088100000| Untracked 
| 110|0x0000000088200000, 0x0000000088200000, 0x0000000088300000|  0%| F|  |TAMS 0x0000000088200000, 0x0000000088200000| Untracked 
| 111|0x0000000088300000, 0x0000000088300000, 0x0000000088400000|  0%| F|  |TAMS 0x0000000088300000, 0x0000000088300000| Untracked 
| 112|0x0000000088400000, 0x0000000088400000, 0x0000000088500000|  0%| F|  |TAMS 0x0000000088400000, 0x0000000088400000| Untracked 
| 113|0x0000000088500000, 0x0000000088500000, 0x0000000088600000|  0%| F|  |TAMS 0x0000000088500000, 0x0000000088500000| Untracked 
| 114|0x0000000088600000, 0x0000000088600000, 0x0000000088700000|  0%| F|  |TAMS 0x0000000088600000, 0x0000000088600000| Untracked 
| 115|0x0000000088700000, 0x0000000088700000, 0x0000000088800000|  0%| F|  |TAMS 0x0000000088700000, 0x0000000088700000| Untracked 
| 116|0x0000000088800000, 0x0000000088800000, 0x0000000088900000|  0%| F|  |TAMS 0x0000000088800000, 0x0000000088800000| Untracked 
| 117|0x0000000088900000, 0x0000000088900000, 0x0000000088a00000|  0%| F|  |TAMS 0x0000000088900000, 0x0000000088900000| Untracked 
| 118|0x0000000088a00000, 0x0000000088a00000, 0x0000000088b00000|  0%| F|  |TAMS 0x0000000088a00000, 0x0000000088a00000| Untracked 
| 119|0x0000000088b00000, 0x0000000088b00000, 0x0000000088c00000|  0%| F|  |TAMS 0x0000000088b00000, 0x0000000088b00000| Untracked 
| 120|0x0000000088c00000, 0x0000000088c48300, 0x0000000088d00000| 28%| E|  |TAMS 0x0000000088c00000, 0x0000000088c00000| Complete 
| 121|0x0000000088d00000, 0x0000000088e00000, 0x0000000088e00000|100%| E|CS|TAMS 0x0000000088d00000, 0x0000000088d00000| Complete 
| 122|0x0000000088e00000, 0x0000000088f00000, 0x0000000088f00000|100%| E|CS|TAMS 0x0000000088e00000, 0x0000000088e00000| Complete 
| 123|0x0000000088f00000, 0x0000000089000000, 0x0000000089000000|100%| E|CS|TAMS 0x0000000088f00000, 0x0000000088f00000| Complete 
| 124|0x0000000089000000, 0x0000000089100000, 0x0000000089100000|100%| E|CS|TAMS 0x0000000089000000, 0x0000000089000000| Complete 
| 125|0x0000000089100000, 0x0000000089200000, 0x0000000089200000|100%| E|CS|TAMS 0x0000000089100000, 0x0000000089100000| Complete 
| 126|0x0000000089200000, 0x0000000089300000, 0x0000000089300000|100%| E|CS|TAMS 0x0000000089200000, 0x0000000089200000| Complete 
| 127|0x0000000089300000, 0x0000000089400000, 0x0000000089400000|100%| E|CS|TAMS 0x0000000089300000, 0x0000000089300000| Complete 

Card table byte_map: [0x0000018ff8380000,0x0000018ff8780000] _byte_map_base: 0x0000018ff7f76000

Marking Bits (Prev, Next): (CMBitMap*) 0x0000018ff7eea108, (CMBitMap*) 0x0000018ff7eea148
 Prev Bits: [0x0000018ff8b80000, 0x0000018ffab30000)
 Next Bits: [0x0000018ffab30000, 0x0000018ffcae0000)

Polling page: 0x0000018ff5c70000

Metaspace:

Usage:
  Non-class:      4.67 MB capacity,     2.03 MB ( 43%) used,     2.64 MB ( 56%) free+waste,     6.75 KB ( <1%) overhead. 
      Class:    541.00 KB capacity,   258.69 KB ( 48%) used,   278.63 KB ( 52%) free+waste,     3.69 KB ( <1%) overhead. 
       Both:      5.20 MB capacity,     2.28 MB ( 44%) used,     2.91 MB ( 56%) free+waste,    10.44 KB ( <1%) overhead. 

Virtual space:
  Non-class space:        8.00 MB reserved,       4.75 MB ( 59%) committed 
      Class space:        1.00 GB reserved,     640.00 KB ( <1%) committed 
             Both:        1.01 GB reserved,       5.38 MB ( <1%) committed 

Chunk freelists:
   Non-Class:  1.88 KB
       Class:  384 bytes
        Both:  2.25 KB

CodeHeap 'non-profiled nmethods': size=120064Kb used=175Kb max_used=175Kb free=119889Kb
 bounds [0x0000018f8fdf0000, 0x0000018f90060000, 0x0000018f97330000]
CodeHeap 'profiled nmethods': size=120000Kb used=1012Kb max_used=1012Kb free=118987Kb
 bounds [0x0000018f888c0000, 0x0000018f88b30000, 0x0000018f8fdf0000]
CodeHeap 'non-nmethods': size=5696Kb used=1164Kb max_used=1175Kb free=4531Kb
 bounds [0x0000018f88330000, 0x0000018f885a0000, 0x0000018f888c0000]
 total_blobs=1031 nmethods=547 adapters=281
 compilation: enabled
              stopped_count=0, restarted_count=0
 full_count=0

Compilation events (10 events):
Event: 0.877 Thread 0x0000018fff00d000  542       3       java.util.concurrent.ConcurrentHashMap::spread (10 bytes)
Event: 0.877 Thread 0x0000018fff00d000 nmethod 542 0x0000018f889bbb10 code [0x0000018f889bbcc0, 0x0000018f889bbe18]
Event: 0.877 Thread 0x0000018fff00d000  541       3       java.util.zip.InflaterInputStream::ensureOpen (18 bytes)
Event: 0.877 Thread 0x0000018fff00d000 nmethod 541 0x0000018f889bbe90 code [0x0000018f889bc060, 0x0000018f889bc310]
Event: 0.879 Thread 0x0000018fff00d000  544       3       java.io.RandomAccessFile::read (8 bytes)
Event: 0.879 Thread 0x0000018fff00d000 nmethod 544 0x0000018f889bc410 code [0x0000018f889bc5e0, 0x0000018f889bc7b0]
Event: 0.881 Thread 0x0000018fff00d000  546       3       java.lang.Character::charCount (12 bytes)
Event: 0.881 Thread 0x0000018fff00d000 nmethod 546 0x0000018f889bc890 code [0x0000018f889bca40, 0x0000018f889bcbd8]
Event: 0.881 Thread 0x0000018fff00d000  547       3       java.nio.ByteBuffer::arrayOffset (35 bytes)
Event: 0.881 Thread 0x0000018fff00d000 nmethod 547 0x0000018f889bcc90 code [0x0000018f889bce80, 0x0000018f889bd1a0]

GC Heap History (0 events):
No events

Deoptimization events (9 events):
Event: 0.363 Thread 0x0000018ff7eaa800 Uncommon trap: reason=unstable_if action=reinterpret pc=0x0000018f8fdf9d8c method=java.lang.String.isLatin1()Z @ 10 c2
Event: 0.473 Thread 0x0000018ff7eaa800 Uncommon trap: reason=unstable_if action=reinterpret pc=0x0000018f8fdfed30 method=java.lang.String.charAt(I)C @ 4 c2
Event: 0.478 Thread 0x0000018ff7eaa800 Uncommon trap: reason=class_check action=maybe_recompile pc=0x0000018f8fdfd830 method=java.util.HashMap.putVal(ILjava/lang/Object;Ljava/lang/Object;ZZ)Ljava/lang/Object; @ 152 c2
Event: 0.481 Thread 0x0000018ff7eaa800 Uncommon trap: reason=class_check action=maybe_recompile pc=0x0000018f8fdfd830 method=java.util.HashMap.putVal(ILjava/lang/Object;Ljava/lang/Object;ZZ)Ljava/lang/Object; @ 152 c2
Event: 0.481 Thread 0x0000018ff7eaa800 Uncommon trap: reason=class_check action=maybe_recompile pc=0x0000018f8fdfd830 method=java.util.HashMap.putVal(ILjava/lang/Object;Ljava/lang/Object;ZZ)Ljava/lang/Object; @ 152 c2
Event: 0.627 Thread 0x0000018ff7eaa800 Uncommon trap: reason=class_check action=maybe_recompile pc=0x0000018f8fdfd830 method=java.util.HashMap.putVal(ILjava/lang/Object;Ljava/lang/Object;ZZ)Ljava/lang/Object; @ 152 c2
Event: 0.785 Thread 0x0000018ff7eaa800 Uncommon trap: reason=class_check action=maybe_recompile pc=0x0000018f8fe0e064 method=java.util.HashMap.putVal(ILjava/lang/Object;Ljava/lang/Object;ZZ)Ljava/lang/Object; @ 91 c2
Event: 0.786 Thread 0x0000018ff7eaa800 Uncommon trap: reason=unstable_if action=reinterpret pc=0x0000018f8fe0e034 method=java.util.HashMap.putVal(ILjava/lang/Object;Ljava/lang/Object;ZZ)Ljava/lang/Object; @ 181 c2
Event: 0.881 Thread 0x0000018ff7eaa800 Uncommon trap: reason=bimorphic_or_optimized_type_check action=maybe_recompile pc=0x0000018f8fdfa8c4 method=java.util.AbstractCollection.isEmpty()Z @ 1 c2

Classes redefined (2 events):
Event: 137.266 Thread 0x0000018ffef9a800 redefined class name=com.sparta.da.Sorters.InsertionSorter, count=1
Event: 400.751 Thread 0x0000018ffef9a800 redefined class name=com.sparta.da.Sorters.InsertionSorter, count=2

Internal exceptions (3 events):
Event: 0.502 Thread 0x0000018ff7eaa800 Exception <a 'java/io/FileNotFoundException'{0x00000000891d0348}> (0x00000000891d0348) thrown at [t:/workspace/open/src/hotspot/share/prims/jni.cpp, line 615]
Event: 0.580 Thread 0x0000018ff7eaa800 Exception <a 'java/lang/NoSuchMethodError'{0x00000000890a5cd8}: java.lang.invoke.DirectMethodHandle$Holder.invokeSpecialIFC(Ljava/lang/Object;Ljava/lang/Object;I)I> (0x00000000890a5cd8) thrown at [t:/workspace/open/src/hotspot/share/interpreter/linkResolv
Event: 0.774 Thread 0x0000018ff7eaa800 Exception <a 'java/lang/IncompatibleClassChangeError'{0x0000000088eeb690}: Found class java.lang.Object, but interface was expected> (0x0000000088eeb690) thrown at [t:/workspace/open/src/hotspot/share/interpreter/linkResolver.cpp, line 843]

Events (10 events):
Event: 400.822 Executing VM operation: ChangeBreakpoints done
Event: 400.890 Executing VM operation: GetFrameCount
Event: 400.890 Executing VM operation: GetFrameCount done
Event: 400.890 Executing VM operation: GetStackTrace
Event: 400.890 Executing VM operation: GetStackTrace done
Event: 400.891 Executing VM operation: GetFrameLocation
Event: 400.891 Executing VM operation: GetFrameLocation done
Event: 400.891 Executing VM operation: GetOrSetLocal
Event: 400.891 Executing VM operation: GetOrSetLocal done
Event: 400.893 Executing VM operation: GetOrSetLocal


Dynamic libraries:
0x00007ff79c8e0000 - 0x00007ff79c8ef000 	C:\Program Files\Java\jdk-12.0.2\bin\java.exe
0x00007ffc7c1e0000 - 0x00007ffc7c3d0000 	C:\WINDOWS\SYSTEM32\ntdll.dll
0x00007ffc7bb80000 - 0x00007ffc7bc32000 	C:\WINDOWS\System32\KERNEL32.DLL
0x00007ffc79220000 - 0x00007ffc794c3000 	C:\WINDOWS\System32\KERNELBASE.dll
0x00007ffc7a160000 - 0x00007ffc7a25a000 	C:\WINDOWS\System32\ucrtbase.dll
0x00007ffc75690000 - 0x00007ffc756a8000 	C:\Program Files\Java\jdk-12.0.2\bin\jli.dll
0x00007ffc7c0f0000 - 0x00007ffc7c193000 	C:\WINDOWS\System32\ADVAPI32.dll
0x00007ffc7c050000 - 0x00007ffc7c0ee000 	C:\WINDOWS\System32\msvcrt.dll
0x00007ffc7be10000 - 0x00007ffc7bea7000 	C:\WINDOWS\System32\sechost.dll
0x00007ffc7ba60000 - 0x00007ffc7bb80000 	C:\WINDOWS\System32\RPCRT4.dll
0x00007ffc7beb0000 - 0x00007ffc7c044000 	C:\WINDOWS\System32\USER32.dll
0x00007ffc7a130000 - 0x00007ffc7a151000 	C:\WINDOWS\System32\win32u.dll
0x00007ffc7a720000 - 0x00007ffc7a746000 	C:\WINDOWS\System32\GDI32.dll
0x00007ffc794d0000 - 0x00007ffc79664000 	C:\WINDOWS\System32\gdi32full.dll
0x00007ffc79910000 - 0x00007ffc799ae000 	C:\WINDOWS\System32\msvcp_win.dll
0x00007ffc74460000 - 0x00007ffc74476000 	C:\Program Files\Java\jdk-12.0.2\bin\VCRUNTIME140.dll
0x00007ffc74240000 - 0x00007ffc7424a000 	C:\WINDOWS\SYSTEM32\VERSION.dll
0x00007ffc647d0000 - 0x00007ffc64a55000 	C:\WINDOWS\WinSxS\amd64_microsoft.windows.common-controls_6595b64144ccf1df_6.0.18362.418_none_e6c6b287130d565d\COMCTL32.dll
0x00007ffc7a3e0000 - 0x00007ffc7a716000 	C:\WINDOWS\System32\combase.dll
0x00007ffc79840000 - 0x00007ffc798c0000 	C:\WINDOWS\System32\bcryptPrimitives.dll
0x00007ffc7bc40000 - 0x00007ffc7bc6e000 	C:\WINDOWS\System32\IMM32.DLL
0x00007ffc62370000 - 0x00007ffc6241a000 	C:\Program Files\Java\jdk-12.0.2\bin\msvcp140.dll
0x00007ffc383f0000 - 0x00007ffc38f67000 	C:\Program Files\Java\jdk-12.0.2\bin\server\jvm.dll
0x00007ffc7a3d0000 - 0x00007ffc7a3d8000 	C:\WINDOWS\System32\PSAPI.DLL
0x00007ffc56120000 - 0x00007ffc56129000 	C:\WINDOWS\SYSTEM32\WSOCK32.dll
0x00007ffc7af40000 - 0x00007ffc7afaf000 	C:\WINDOWS\System32\WS2_32.dll
0x00007ffc76e00000 - 0x00007ffc76e24000 	C:\WINDOWS\SYSTEM32\WINMM.dll
0x00007ffc76dd0000 - 0x00007ffc76dfd000 	C:\WINDOWS\SYSTEM32\WINMMBASE.dll
0x00007ffc798c0000 - 0x00007ffc7990a000 	C:\WINDOWS\System32\cfgmgr32.dll
0x00007ffc79150000 - 0x00007ffc79161000 	C:\WINDOWS\System32\kernel.appcore.dll
0x00007ffc73a70000 - 0x00007ffc73a81000 	C:\Program Files\Java\jdk-12.0.2\bin\verify.dll
0x00007ffc77990000 - 0x00007ffc77b84000 	C:\WINDOWS\SYSTEM32\DBGHELP.DLL
0x00007ffc6d4a0000 - 0x00007ffc6d4ca000 	C:\WINDOWS\SYSTEM32\dbgcore.DLL
0x00007ffc6b580000 - 0x00007ffc6b5a6000 	C:\Program Files\Java\jdk-12.0.2\bin\java.dll
0x00007ffc6b8f0000 - 0x00007ffc6b928000 	C:\Program Files\Java\jdk-12.0.2\bin\jdwp.dll
0x00007ffc75730000 - 0x00007ffc7573e000 	C:\Program Files\Java\jdk-12.0.2\bin\instrument.dll
0x00007ffc73a50000 - 0x00007ffc73a67000 	C:\Program Files\Java\jdk-12.0.2\bin\zip.dll
0x00007ffc75380000 - 0x00007ffc7538a000 	C:\Program Files\Java\jdk-12.0.2\bin\jimage.dll
0x00007ffc7b080000 - 0x00007ffc7b765000 	C:\WINDOWS\System32\SHELL32.dll
0x00007ffc7ad80000 - 0x00007ffc7ae29000 	C:\WINDOWS\System32\shcore.dll
0x00007ffc799b0000 - 0x00007ffc7a12f000 	C:\WINDOWS\System32\windows.storage.dll
0x00007ffc790e0000 - 0x00007ffc790ff000 	C:\WINDOWS\System32\profapi.dll
0x00007ffc79100000 - 0x00007ffc7914a000 	C:\WINDOWS\System32\powrprof.dll
0x00007ffc790b0000 - 0x00007ffc790c0000 	C:\WINDOWS\System32\UMPDC.dll
0x00007ffc7bdb0000 - 0x00007ffc7be02000 	C:\WINDOWS\System32\shlwapi.dll
0x00007ffc797c0000 - 0x00007ffc797d7000 	C:\WINDOWS\System32\cryptsp.dll
0x00007ffc6bbf0000 - 0x00007ffc6bbfa000 	C:\Program Files\Java\jdk-12.0.2\bin\dt_socket.dll
0x00007ffc78870000 - 0x00007ffc788d7000 	C:\WINDOWS\system32\mswsock.dll
0x00007ffc71a40000 - 0x00007ffc71a59000 	C:\Program Files\Java\jdk-12.0.2\bin\net.dll
0x00007ffc6d550000 - 0x00007ffc6d640000 	C:\WINDOWS\SYSTEM32\WINHTTP.dll
0x00007ffc69220000 - 0x00007ffc693f6000 	C:\WINDOWS\SYSTEM32\urlmon.dll
0x00007ffc69820000 - 0x00007ffc69ac6000 	C:\WINDOWS\SYSTEM32\iertutil.dll
0x00007ffc789f0000 - 0x00007ffc789fc000 	C:\WINDOWS\SYSTEM32\CRYPTBASE.DLL
0x00007ffc6b680000 - 0x00007ffc6b693000 	C:\Program Files\Java\jdk-12.0.2\bin\nio.dll

dbghelp: loaded successfully - version: 4.0.5 - missing functions: none
symbol engine: initialized successfully - sym options: 0x614 - pdb path: .;C:\Program Files\Java\jdk-12.0.2\bin;C:\WINDOWS\SYSTEM32;C:\WINDOWS\WinSxS\amd64_microsoft.windows.common-controls_6595b64144ccf1df_6.0.18362.418_none_e6c6b287130d565d;C:\Program Files\Java\jdk-12.0.2\bin\server

VM Arguments:
jvm_args: -agentlib:jdwp=transport=dt_socket,address=127.0.0.1:55455,suspend=y,server=n -ea -Didea.test.cyclic.buffer.size=1048576 -javaagent:C:\Users\DAVIDA~1\AppData\Local\Temp\captureAgent106jars\debugger-agent.jar -Dfile.encoding=UTF-8 
java_command: com.intellij.rt.execution.junit.JUnitStarter -ideVersion5 -junit4 com.sparta.da.SortTests,testArraySorted
java_class_path (initial): C:\Program Files\JetBrains\IntelliJ IDEA Community Edition 2019.2.3\lib\idea_rt.jar;C:\Program Files\JetBrains\IntelliJ IDEA Community Edition 2019.2.3\plugins\junit\lib\junit-rt.jar;C:\Program Files\JetBrains\IntelliJ IDEA Community Edition 2019.2.3\plugins\junit\lib\junit5-rt.jar;C:\Users\David Asare\IdeaProjects\SortManager\target\test-classes;C:\Users\David Asare\IdeaProjects\SortManager\target\classes;C:\Users\David Asare\.m2\repository\junit\junit\4.12\junit-4.12.jar;C:\Users\David Asare\.m2\repository\org\hamcrest\hamcrest-core\1.3\hamcrest-core-1.3.jar;C:\Users\David Asare\.m2\repository\log4j\log4j\1.2.17\log4j-1.2.17.jar;C:\Users\David Asare\.m2\repository\org\apache\commons\commons-lang3\3.9\commons-lang3-3.9.jar
Launcher Type: SUN_STANDARD

[Global flags]
     intx CICompilerCount                          = 3                                         {product} {ergonomic}
     uint ConcGCThreads                            = 1                                         {product} {ergonomic}
     uint G1ConcRefinementThreads                  = 4                                         {product} {ergonomic}
   size_t G1HeapRegionSize                         = 1048576                                   {product} {ergonomic}
    uintx GCDrainStackTargetSize                   = 64                                        {product} {ergonomic}
   size_t InitialHeapSize                          = 134217728                                 {product} {ergonomic}
   size_t MarkStackSize                            = 4194304                                   {product} {ergonomic}
   size_t MaxHeapSize                              = 2126512128                                {product} {ergonomic}
   size_t MaxNewSize                               = 1275068416                                {product} {ergonomic}
   size_t MinHeapDeltaBytes                        = 1048576                                   {product} {ergonomic}
    uintx NonNMethodCodeHeapSize                   = 5830732                                {pd product} {ergonomic}
    uintx NonProfiledCodeHeapSize                  = 122913754                              {pd product} {ergonomic}
    uintx ProfiledCodeHeapSize                     = 122913754                              {pd product} {ergonomic}
    uintx ReservedCodeCacheSize                    = 251658240                              {pd product} {ergonomic}
     bool SegmentedCodeCache                       = true                                      {product} {ergonomic}
     bool UseCompressedClassPointers               = true                                 {lp64_product} {ergonomic}
     bool UseCompressedOops                        = true                                 {lp64_product} {ergonomic}
     bool UseG1GC                                  = true                                      {product} {ergonomic}
     bool UseLargePagesIndividualAllocation        = false                                  {pd product} {ergonomic}

Logging:
Log output configuration:
 #0: stdout all=warning uptime,level,tags
 #1: stderr all=off uptime,level,tags

Environment Variables:
JAVA_HOME=C:\Program Files\Java\jdk-12.0.2
PATH=C:\Program Files\Java\jdk-12.0.2\bin;C:\ProgramData\DockerDesktop\version-bin;C:\Program Files\Docker\Docker\Resources\bin;C:\Program Files\Java\jdk-11.0.4\bin;C:\WINDOWS\system32;C:\WINDOWS;C:\WINDOWS\System32\Wbem;C:\WINDOWS\System32\WindowsPowerShell\v1.0\;C:\WINDOWS\System32\OpenSSH\;C:\Program Files (x86)\Intel\Intel(R) Management Engine Components\DAL;C:\Program Files\Intel\Intel(R) Management Engine Components\DAL;C:\Program Files (x86)\Intel\Intel(R) Management Engine Components\IPT;C:\Program Files\Intel\Intel(R) Management Engine Components\IPT;C:\Program Files\Intel\WiFi\bin\;C:\Program Files\Common Files\Intel\WirelessCommon\;C:\Program Files (x86)\Microsoft SQL Server\150\DTS\Binn\;C:\Program Files\Git\cmd;C:\Users\David Asare\AppData\Local\Microsoft\WindowsApps;
USERNAME=David Asare
OS=Windows_NT
PROCESSOR_IDENTIFIER=Intel64 Family 6 Model 142 Stepping 9, GenuineIntel



---------------  S Y S T E M  ---------------

OS: Windows 10 , 64 bit Build 18362 (10.0.18362.329)

CPU:total 4 (initial active 4) (2 cores per cpu, 2 threads per core) family 6 model 142 stepping 9, cmov, cx8, fxsr, mmx, sse, sse2, sse3, ssse3, sse4.1, sse4.2, popcnt, avx, avx2, aes, clmul, erms, 3dnowpref, lzcnt, ht, tsc, tscinvbit, bmi1, bmi2, adx, fma

Memory: 4k page, system-wide physical 8108M (838M free)
TotalPageFile size 19884M (AvailPageFile size 4296M)
current process WorkingSet (physical memory assigned to process): 43M, peak: 50M
current process commit charge ("private bytes"): 215M, peak: 220M

vm_info: Java HotSpot(TM) 64-Bit Server VM (12.0.2+10) for windows-amd64 JRE (12.0.2+10), built on Jul 16 2019 01:56:17 by "mach5one" with MS VC++ 15.5 (VS2017)

END.
